ARM GAS  C:\Users\PERNIL~1\AppData\Local\Temp\ccy2o0Ui.s 			page 1


   1              		.cpu cortex-m0
   2              		.fpu softvfp
   3              		.eabi_attribute 20, 1
   4              		.eabi_attribute 21, 1
   5              		.eabi_attribute 23, 3
   6              		.eabi_attribute 24, 1
   7              		.eabi_attribute 25, 1
   8              		.eabi_attribute 26, 1
   9              		.eabi_attribute 30, 1
  10              		.eabi_attribute 34, 0
  11              		.eabi_attribute 18, 4
  12              		.code	16
  13              		.file	"distance.c"
  14              		.text
  15              	.Ltext0:
  16              		.cfi_sections	.debug_frame
  17              		.global	__aeabi_uidiv
  18              		.section	.text.Timer_ISR_handler,"ax",%progbits
  19              		.align	2
  20              		.global	Timer_ISR_handler
  21              		.code	16
  22              		.thumb_func
  23              		.type	Timer_ISR_handler, %function
  24              	Timer_ISR_handler:
  25              	.LFB34:
  26              		.file 1 ".\\distance.c"
   1:.\distance.c  **** /* ========================================
   2:.\distance.c  ****  *
   3:.\distance.c  ****  * Copyright YOUR COMPANY, THE YEAR
   4:.\distance.c  ****  * All Rights Reserved
   5:.\distance.c  ****  * UNPUBLISHED, LICENSED SOFTWARE.
   6:.\distance.c  ****  *
   7:.\distance.c  ****  * CONFIDENTIAL AND PROPRIETARY INFORMATION
   8:.\distance.c  ****  * WHICH IS THE PROPERTY OF your company.
   9:.\distance.c  ****  *
  10:.\distance.c  ****  * ========================================
  11:.\distance.c  **** */
  12:.\distance.c  **** #include <project.h>
  13:.\distance.c  **** #include <stdio.h>
  14:.\distance.c  **** #include "regulering.h"
  15:.\distance.c  **** 
  16:.\distance.c  **** static uint32 i=0; 
  17:.\distance.c  **** static uint32 dis=0; 
  18:.\distance.c  **** 
  19:.\distance.c  **** char value[20]; 
  20:.\distance.c  **** char * p2; 
  21:.\distance.c  **** char test_string1[] = "Hello World1\n\r"; 
  22:.\distance.c  **** char test_string2[] = "Hello World2\n\r"; 
  23:.\distance.c  **** 
  24:.\distance.c  **** CY_ISR(Timer_ISR_handler)
  25:.\distance.c  **** {
  27              		.loc 1 25 0
  28              		.cfi_startproc
  29 0000 10B5     		push	{r4, lr}
  30              		.cfi_def_cfa_offset 8
  31              		.cfi_offset 4, -8
  32              		.cfi_offset 14, -4
ARM GAS  C:\Users\PERNIL~1\AppData\Local\Temp\ccy2o0Ui.s 			page 2


  26:.\distance.c  ****     //at 1MHz clock each count is 1 micro second 
  27:.\distance.c  ****     Timer_ClearInterrupt(Timer_INTR_MASK_CC_MATCH); 
  33              		.loc 1 27 0
  34 0002 0220     		mov	r0, #2
  35 0004 FFF7FEFF 		bl	Timer_ClearInterrupt
  36              	.LVL0:
  28:.\distance.c  ****     
  29:.\distance.c  ****     i = Timer_ReadCounter(); 
  37              		.loc 1 29 0
  38 0008 FFF7FEFF 		bl	Timer_ReadCounter
  39              	.LVL1:
  40 000c 184B     		ldr	r3, .L5
  41 000e 1860     		str	r0, [r3]
  30:.\distance.c  ****     
  31:.\distance.c  ****     if((i/58) <= 399 && (i/58) != 4)
  42              		.loc 1 31 0
  43 0010 184B     		ldr	r3, .L5+4
  44 0012 9842     		cmp	r0, r3
  45 0014 0CD8     		bhi	.L2
  46              		.loc 1 31 0 is_stmt 0 discriminator 1
  47 0016 031C     		mov	r3, r0
  48 0018 E83B     		sub	r3, r3, #232
  49 001a 392B     		cmp	r3, #57
  50 001c 08D9     		bls	.L2
  32:.\distance.c  ****     {
  33:.\distance.c  ****         dis = (i/58);
  51              		.loc 1 33 0 is_stmt 1
  52 001e 3A21     		mov	r1, #58
  53 0020 FFF7FEFF 		bl	__aeabi_uidiv
  54              	.LVL2:
  55 0024 124B     		ldr	r3, .L5
  56 0026 5860     		str	r0, [r3, #4]
  34:.\distance.c  ****         UART_print_UartPutString(test_string1);
  57              		.loc 1 34 0
  58 0028 1348     		ldr	r0, .L5+8
  59 002a FFF7FEFF 		bl	UART_print_UartPutString
  60              	.LVL3:
  61 002e 0DE0     		b	.L3
  62              	.L2:
  35:.\distance.c  ****     }
  36:.\distance.c  ****     else if((i/58) == 4 || (i/58) > 399)
  63              		.loc 1 36 0
  64 0030 031C     		mov	r3, r0
  65 0032 E83B     		sub	r3, r3, #232
  66 0034 392B     		cmp	r3, #57
  67 0036 02D9     		bls	.L4
  68              		.loc 1 36 0 is_stmt 0 discriminator 1
  69 0038 0E4B     		ldr	r3, .L5+4
  70 003a 9842     		cmp	r0, r3
  71 003c 06D9     		bls	.L3
  72              	.L4:
  37:.\distance.c  ****     {
  38:.\distance.c  ****         dis = 0; 
  73              		.loc 1 38 0 is_stmt 1
  74 003e 0022     		mov	r2, #0
  75 0040 0B4B     		ldr	r3, .L5
  76 0042 5A60     		str	r2, [r3, #4]
ARM GAS  C:\Users\PERNIL~1\AppData\Local\Temp\ccy2o0Ui.s 			page 3


  39:.\distance.c  ****         UART_print_UartPutString(test_string2);
  77              		.loc 1 39 0
  78 0044 0C48     		ldr	r0, .L5+8
  79 0046 1030     		add	r0, r0, #16
  80 0048 FFF7FEFF 		bl	UART_print_UartPutString
  81              	.LVL4:
  82              	.L3:
  40:.\distance.c  ****     }
  41:.\distance.c  ****     
  42:.\distance.c  ****     //Test. Print afstand. 
  43:.\distance.c  ****     p2=value; 
  83              		.loc 1 43 0
  84 004c 0B4C     		ldr	r4, .L5+12
  85 004e 0C48     		ldr	r0, .L5+16
  86 0050 2060     		str	r0, [r4]
  44:.\distance.c  ****     sprintf(value, "%lu",dis);
  87              		.loc 1 44 0
  88 0052 074B     		ldr	r3, .L5
  89 0054 5A68     		ldr	r2, [r3, #4]
  90 0056 0B49     		ldr	r1, .L5+20
  91 0058 FFF7FEFF 		bl	sprintf
  92              	.LVL5:
  45:.\distance.c  ****     UART_print_UartPutString(p2); 
  93              		.loc 1 45 0
  94 005c 2068     		ldr	r0, [r4]
  95 005e FFF7FEFF 		bl	UART_print_UartPutString
  96              	.LVL6:
  46:.\distance.c  ****     UART_print_UartPutString("  \n\r   "); 
  97              		.loc 1 46 0
  98 0062 0948     		ldr	r0, .L5+24
  99 0064 FFF7FEFF 		bl	UART_print_UartPutString
 100              	.LVL7:
  47:.\distance.c  ****     CyDelay(100); 
 101              		.loc 1 47 0
 102 0068 6420     		mov	r0, #100
 103 006a FFF7FEFF 		bl	CyDelay
 104              	.LVL8:
  48:.\distance.c  ****     
  49:.\distance.c  **** //    if(dis<10)
  50:.\distance.c  **** //    {
  51:.\distance.c  **** //        LED_Write(0);
  52:.\distance.c  **** //    }
  53:.\distance.c  **** }
 105              		.loc 1 53 0
 106              		@ sp needed
 107 006e 10BD     		pop	{r4, pc}
 108              	.L6:
 109              		.align	2
 110              	.L5:
 111 0070 00000000 		.word	.LANCHOR0
 112 0074 9F5A0000 		.word	23199
 113 0078 00000000 		.word	.LANCHOR1
 114 007c 00000000 		.word	p2
 115 0080 00000000 		.word	value
 116 0084 00000000 		.word	.LC4
 117 0088 04000000 		.word	.LC6
 118              		.cfi_endproc
ARM GAS  C:\Users\PERNIL~1\AppData\Local\Temp\ccy2o0Ui.s 			page 4


 119              	.LFE34:
 120              		.size	Timer_ISR_handler, .-Timer_ISR_handler
 121              		.section	.text.distanceToObject,"ax",%progbits
 122              		.align	2
 123              		.global	distanceToObject
 124              		.code	16
 125              		.thumb_func
 126              		.type	distanceToObject, %function
 127              	distanceToObject:
 128              	.LFB35:
  54:.\distance.c  **** 
  55:.\distance.c  **** int distanceToObject()
  56:.\distance.c  **** {
 129              		.loc 1 56 0
 130              		.cfi_startproc
 131 0000 08B5     		push	{r3, lr}
 132              		.cfi_def_cfa_offset 8
 133              		.cfi_offset 3, -8
 134              		.cfi_offset 14, -4
  57:.\distance.c  ****     CyGlobalIntEnable; 
 135              		.loc 1 57 0
 136              	@ 57 ".\distance.c" 1
 137 0002 62B6     		CPSIE   i
 138              	@ 0 "" 2
  58:.\distance.c  ****     Timer_Start(); 
 139              		.loc 1 58 0
 140              		.code	16
 141 0004 FFF7FEFF 		bl	Timer_Start
 142              	.LVL9:
  59:.\distance.c  ****     
  60:.\distance.c  ****     ISR_StartEx(Timer_ISR_handler); 
 143              		.loc 1 60 0
 144 0008 0C48     		ldr	r0, .L9
 145 000a FFF7FEFF 		bl	ISR_StartEx
 146              	.LVL10:
  61:.\distance.c  ****     
  62:.\distance.c  ****     //char test_string[] = "Hello World\n\r"; 
  63:.\distance.c  ****     //UART_print_Start(); 
  64:.\distance.c  ****     //UART_print_UartPutString(test_string); 
  65:.\distance.c  ****     
  66:.\distance.c  ****     if(distanceFlag == 1)
 147              		.loc 1 66 0
 148 000e 0C4B     		ldr	r3, .L9+4
 149 0010 1B68     		ldr	r3, [r3]
 150 0012 012B     		cmp	r3, #1
 151 0014 0ED1     		bne	.L8
  67:.\distance.c  ****     {
  68:.\distance.c  ****         //LED_Write(1);        
  69:.\distance.c  ****         CyDelay(50); 
 152              		.loc 1 69 0
 153 0016 3220     		mov	r0, #50
 154 0018 FFF7FEFF 		bl	CyDelay
 155              	.LVL11:
  70:.\distance.c  ****         Trig_Write(1); 
 156              		.loc 1 70 0
 157 001c 0120     		mov	r0, #1
 158 001e FFF7FEFF 		bl	Trig_Write
ARM GAS  C:\Users\PERNIL~1\AppData\Local\Temp\ccy2o0Ui.s 			page 5


 159              	.LVL12:
  71:.\distance.c  ****         CyDelayUs(10); 
 160              		.loc 1 71 0
 161 0022 0A20     		mov	r0, #10
 162 0024 FFF7FEFF 		bl	CyDelayUs
 163              	.LVL13:
  72:.\distance.c  ****         Trig_Write(0); 
 164              		.loc 1 72 0
 165 0028 0020     		mov	r0, #0
 166 002a FFF7FEFF 		bl	Trig_Write
 167              	.LVL14:
  73:.\distance.c  ****         distanceFlag = 0;
 168              		.loc 1 73 0
 169 002e 0022     		mov	r2, #0
 170 0030 034B     		ldr	r3, .L9+4
 171 0032 1A60     		str	r2, [r3]
 172              	.L8:
  74:.\distance.c  ****     }
  75:.\distance.c  ****     
  76:.\distance.c  ****     return dis; 
 173              		.loc 1 76 0
 174 0034 034B     		ldr	r3, .L9+8
 175 0036 5868     		ldr	r0, [r3, #4]
  77:.\distance.c  **** }
 176              		.loc 1 77 0
 177              		@ sp needed
 178 0038 08BD     		pop	{r3, pc}
 179              	.L10:
 180 003a C046     		.align	2
 181              	.L9:
 182 003c 00000000 		.word	Timer_ISR_handler
 183 0040 00000000 		.word	distanceFlag
 184 0044 00000000 		.word	.LANCHOR0
 185              		.cfi_endproc
 186              	.LFE35:
 187              		.size	distanceToObject, .-distanceToObject
 188              		.global	test_string2
 189              		.global	test_string1
 190              		.comm	p2,4,4
 191              		.comm	value,20,4
 192              		.data
 193              		.align	2
 194              		.set	.LANCHOR1,. + 0
 195              		.type	test_string1, %object
 196              		.size	test_string1, 15
 197              	test_string1:
 198 0000 48656C6C 		.ascii	"Hello World1\012\015\000"
 198      6F20576F 
 198      726C6431 
 198      0A0D00
 199 000f 00       		.space	1
 200              		.type	test_string2, %object
 201              		.size	test_string2, 15
 202              	test_string2:
 203 0010 48656C6C 		.ascii	"Hello World2\012\015\000"
 203      6F20576F 
 203      726C6432 
ARM GAS  C:\Users\PERNIL~1\AppData\Local\Temp\ccy2o0Ui.s 			page 6


 203      0A0D00
 204 001f 00       		.section	.rodata.str1.4,"aMS",%progbits,1
 205              		.align	2
 206              	.LC4:
 207 0000 256C7500 		.ascii	"%lu\000"
 208              	.LC6:
 209 0004 20200A0D 		.ascii	"  \012\015   \000"
 209      20202000 
 210              		.bss
 211              		.align	2
 212              		.set	.LANCHOR0,. + 0
 213              		.type	i, %object
 214              		.size	i, 4
 215              	i:
 216 0000 00000000 		.space	4
 217              		.type	dis, %object
 218              		.size	dis, 4
 219              	dis:
 220 0004 00000000 		.space	4
 221              		.text
 222              	.Letext0:
 223              		.file 2 "Generated_Source\\PSoC4/cytypes.h"
 224              		.file 3 ".\\regulering.h"
 225              		.file 4 "Generated_Source\\PSoC4/Timer.h"
 226              		.file 5 "Generated_Source\\PSoC4/UART_print_SPI_UART.h"
 227              		.file 6 "Generated_Source\\PSoC4/CyLib.h"
 228              		.file 7 "Generated_Source\\PSoC4/ISR.h"
 229              		.file 8 "Generated_Source\\PSoC4/Trig.h"
 230              		.file 9 "c:\\program files (x86)\\cypress\\psoc creator\\3.3\\psoc creator\\import\\gnu\\arm\\4.9.
 231              		.section	.debug_info,"",%progbits
 232              	.Ldebug_info0:
 233 0000 37030000 		.4byte	0x337
 234 0004 0400     		.2byte	0x4
 235 0006 00000000 		.4byte	.Ldebug_abbrev0
 236 000a 04       		.byte	0x4
 237 000b 01       		.uleb128 0x1
 238 000c CA010000 		.4byte	.LASF29
 239 0010 01       		.byte	0x1
 240 0011 0B000000 		.4byte	.LASF30
 241 0015 E2000000 		.4byte	.LASF31
 242 0019 00000000 		.4byte	.Ldebug_ranges0+0
 243 001d 00000000 		.4byte	0
 244 0021 00000000 		.4byte	.Ldebug_line0
 245 0025 02       		.uleb128 0x2
 246 0026 01       		.byte	0x1
 247 0027 06       		.byte	0x6
 248 0028 71020000 		.4byte	.LASF0
 249 002c 02       		.uleb128 0x2
 250 002d 01       		.byte	0x1
 251 002e 08       		.byte	0x8
 252 002f 7A000000 		.4byte	.LASF1
 253 0033 02       		.uleb128 0x2
 254 0034 02       		.byte	0x2
 255 0035 05       		.byte	0x5
 256 0036 58020000 		.4byte	.LASF2
 257 003a 02       		.uleb128 0x2
 258 003b 02       		.byte	0x2
ARM GAS  C:\Users\PERNIL~1\AppData\Local\Temp\ccy2o0Ui.s 			page 7


 259 003c 07       		.byte	0x7
 260 003d A0000000 		.4byte	.LASF3
 261 0041 02       		.uleb128 0x2
 262 0042 04       		.byte	0x4
 263 0043 05       		.byte	0x5
 264 0044 68020000 		.4byte	.LASF4
 265 0048 02       		.uleb128 0x2
 266 0049 04       		.byte	0x4
 267 004a 07       		.byte	0x7
 268 004b 8E000000 		.4byte	.LASF5
 269 004f 02       		.uleb128 0x2
 270 0050 08       		.byte	0x8
 271 0051 05       		.byte	0x5
 272 0052 A5010000 		.4byte	.LASF6
 273 0056 02       		.uleb128 0x2
 274 0057 08       		.byte	0x8
 275 0058 07       		.byte	0x7
 276 0059 6B010000 		.4byte	.LASF7
 277 005d 03       		.uleb128 0x3
 278 005e 04       		.byte	0x4
 279 005f 05       		.byte	0x5
 280 0060 696E7400 		.ascii	"int\000"
 281 0064 02       		.uleb128 0x2
 282 0065 04       		.byte	0x4
 283 0066 07       		.byte	0x7
 284 0067 5E010000 		.4byte	.LASF8
 285 006b 04       		.uleb128 0x4
 286 006c 62020000 		.4byte	.LASF9
 287 0070 02       		.byte	0x2
 288 0071 3801     		.2byte	0x138
 289 0073 2C000000 		.4byte	0x2c
 290 0077 04       		.uleb128 0x4
 291 0078 DB000000 		.4byte	.LASF10
 292 007c 02       		.byte	0x2
 293 007d 3901     		.2byte	0x139
 294 007f 3A000000 		.4byte	0x3a
 295 0083 04       		.uleb128 0x4
 296 0084 4B010000 		.4byte	.LASF11
 297 0088 02       		.byte	0x2
 298 0089 3A01     		.2byte	0x13a
 299 008b 48000000 		.4byte	0x48
 300 008f 02       		.uleb128 0x2
 301 0090 04       		.byte	0x4
 302 0091 04       		.byte	0x4
 303 0092 74000000 		.4byte	.LASF12
 304 0096 02       		.uleb128 0x2
 305 0097 08       		.byte	0x8
 306 0098 04       		.byte	0x4
 307 0099 D4000000 		.4byte	.LASF13
 308 009d 04       		.uleb128 0x4
 309 009e 88000000 		.4byte	.LASF14
 310 00a2 02       		.byte	0x2
 311 00a3 4901     		.2byte	0x149
 312 00a5 A9000000 		.4byte	0xa9
 313 00a9 02       		.uleb128 0x2
 314 00aa 01       		.byte	0x1
 315 00ab 08       		.byte	0x8
ARM GAS  C:\Users\PERNIL~1\AppData\Local\Temp\ccy2o0Ui.s 			page 8


 316 00ac B3010000 		.4byte	.LASF15
 317 00b0 04       		.uleb128 0x4
 318 00b1 82010000 		.4byte	.LASF16
 319 00b5 02       		.byte	0x2
 320 00b6 F401     		.2byte	0x1f4
 321 00b8 BC000000 		.4byte	0xbc
 322 00bc 05       		.uleb128 0x5
 323 00bd 04       		.byte	0x4
 324 00be C2000000 		.4byte	0xc2
 325 00c2 06       		.uleb128 0x6
 326 00c3 02       		.uleb128 0x2
 327 00c4 04       		.byte	0x4
 328 00c5 07       		.byte	0x7
 329 00c6 9C010000 		.4byte	.LASF17
 330 00ca 05       		.uleb128 0x5
 331 00cb 04       		.byte	0x4
 332 00cc A9000000 		.4byte	0xa9
 333 00d0 05       		.uleb128 0x5
 334 00d1 04       		.byte	0x4
 335 00d2 D6000000 		.4byte	0xd6
 336 00d6 07       		.uleb128 0x7
 337 00d7 A9000000 		.4byte	0xa9
 338 00db 08       		.uleb128 0x8
 339 00dc B8010000 		.4byte	.LASF18
 340 00e0 01       		.byte	0x1
 341 00e1 18       		.byte	0x18
 342 00e2 00000000 		.4byte	.LFB34
 343 00e6 8C000000 		.4byte	.LFE34-.LFB34
 344 00ea 01       		.uleb128 0x1
 345 00eb 9C       		.byte	0x9c
 346 00ec 8B010000 		.4byte	0x18b
 347 00f0 09       		.uleb128 0x9
 348 00f1 08000000 		.4byte	.LVL0
 349 00f5 9C020000 		.4byte	0x29c
 350 00f9 03010000 		.4byte	0x103
 351 00fd 0A       		.uleb128 0xa
 352 00fe 01       		.uleb128 0x1
 353 00ff 50       		.byte	0x50
 354 0100 01       		.uleb128 0x1
 355 0101 32       		.byte	0x32
 356 0102 00       		.byte	0
 357 0103 0B       		.uleb128 0xb
 358 0104 0C000000 		.4byte	.LVL1
 359 0108 AE020000 		.4byte	0x2ae
 360 010c 09       		.uleb128 0x9
 361 010d 2E000000 		.4byte	.LVL3
 362 0111 BA020000 		.4byte	0x2ba
 363 0115 23010000 		.4byte	0x123
 364 0119 0A       		.uleb128 0xa
 365 011a 01       		.uleb128 0x1
 366 011b 50       		.byte	0x50
 367 011c 05       		.uleb128 0x5
 368 011d 03       		.byte	0x3
 369 011e 00000000 		.4byte	.LANCHOR1
 370 0122 00       		.byte	0
 371 0123 09       		.uleb128 0x9
 372 0124 4C000000 		.4byte	.LVL4
ARM GAS  C:\Users\PERNIL~1\AppData\Local\Temp\ccy2o0Ui.s 			page 9


 373 0128 BA020000 		.4byte	0x2ba
 374 012c 3A010000 		.4byte	0x13a
 375 0130 0A       		.uleb128 0xa
 376 0131 01       		.uleb128 0x1
 377 0132 50       		.byte	0x50
 378 0133 05       		.uleb128 0x5
 379 0134 03       		.byte	0x3
 380 0135 10000000 		.4byte	.LANCHOR1+16
 381 0139 00       		.byte	0
 382 013a 09       		.uleb128 0x9
 383 013b 5C000000 		.4byte	.LVL5
 384 013f D7020000 		.4byte	0x2d7
 385 0143 5A010000 		.4byte	0x15a
 386 0147 0A       		.uleb128 0xa
 387 0148 01       		.uleb128 0x1
 388 0149 51       		.byte	0x51
 389 014a 05       		.uleb128 0x5
 390 014b 03       		.byte	0x3
 391 014c 00000000 		.4byte	.LC4
 392 0150 0A       		.uleb128 0xa
 393 0151 01       		.uleb128 0x1
 394 0152 50       		.byte	0x50
 395 0153 05       		.uleb128 0x5
 396 0154 03       		.byte	0x3
 397 0155 00000000 		.4byte	value
 398 0159 00       		.byte	0
 399 015a 0B       		.uleb128 0xb
 400 015b 62000000 		.4byte	.LVL6
 401 015f BA020000 		.4byte	0x2ba
 402 0163 09       		.uleb128 0x9
 403 0164 68000000 		.4byte	.LVL7
 404 0168 BA020000 		.4byte	0x2ba
 405 016c 7A010000 		.4byte	0x17a
 406 0170 0A       		.uleb128 0xa
 407 0171 01       		.uleb128 0x1
 408 0172 50       		.byte	0x50
 409 0173 05       		.uleb128 0x5
 410 0174 03       		.byte	0x3
 411 0175 04000000 		.4byte	.LC6
 412 0179 00       		.byte	0
 413 017a 0C       		.uleb128 0xc
 414 017b 6E000000 		.4byte	.LVL8
 415 017f F2020000 		.4byte	0x2f2
 416 0183 0A       		.uleb128 0xa
 417 0184 01       		.uleb128 0x1
 418 0185 50       		.byte	0x50
 419 0186 02       		.uleb128 0x2
 420 0187 08       		.byte	0x8
 421 0188 64       		.byte	0x64
 422 0189 00       		.byte	0
 423 018a 00       		.byte	0
 424 018b 0D       		.uleb128 0xd
 425 018c 63000000 		.4byte	.LASF19
 426 0190 01       		.byte	0x1
 427 0191 37       		.byte	0x37
 428 0192 5D000000 		.4byte	0x5d
 429 0196 00000000 		.4byte	.LFB35
ARM GAS  C:\Users\PERNIL~1\AppData\Local\Temp\ccy2o0Ui.s 			page 10


 430 019a 48000000 		.4byte	.LFE35-.LFB35
 431 019e 01       		.uleb128 0x1
 432 019f 9C       		.byte	0x9c
 433 01a0 0E020000 		.4byte	0x20e
 434 01a4 0B       		.uleb128 0xb
 435 01a5 08000000 		.4byte	.LVL9
 436 01a9 03030000 		.4byte	0x303
 437 01ad 09       		.uleb128 0x9
 438 01ae 0E000000 		.4byte	.LVL10
 439 01b2 0B030000 		.4byte	0x30b
 440 01b6 C4010000 		.4byte	0x1c4
 441 01ba 0A       		.uleb128 0xa
 442 01bb 01       		.uleb128 0x1
 443 01bc 50       		.byte	0x50
 444 01bd 05       		.uleb128 0x5
 445 01be 03       		.byte	0x3
 446 01bf 00000000 		.4byte	Timer_ISR_handler
 447 01c3 00       		.byte	0
 448 01c4 09       		.uleb128 0x9
 449 01c5 1C000000 		.4byte	.LVL11
 450 01c9 F2020000 		.4byte	0x2f2
 451 01cd D8010000 		.4byte	0x1d8
 452 01d1 0A       		.uleb128 0xa
 453 01d2 01       		.uleb128 0x1
 454 01d3 50       		.byte	0x50
 455 01d4 02       		.uleb128 0x2
 456 01d5 08       		.byte	0x8
 457 01d6 32       		.byte	0x32
 458 01d7 00       		.byte	0
 459 01d8 09       		.uleb128 0x9
 460 01d9 22000000 		.4byte	.LVL12
 461 01dd 1C030000 		.4byte	0x31c
 462 01e1 EB010000 		.4byte	0x1eb
 463 01e5 0A       		.uleb128 0xa
 464 01e6 01       		.uleb128 0x1
 465 01e7 50       		.byte	0x50
 466 01e8 01       		.uleb128 0x1
 467 01e9 31       		.byte	0x31
 468 01ea 00       		.byte	0
 469 01eb 09       		.uleb128 0x9
 470 01ec 28000000 		.4byte	.LVL13
 471 01f0 2D030000 		.4byte	0x32d
 472 01f4 FE010000 		.4byte	0x1fe
 473 01f8 0A       		.uleb128 0xa
 474 01f9 01       		.uleb128 0x1
 475 01fa 50       		.byte	0x50
 476 01fb 01       		.uleb128 0x1
 477 01fc 3A       		.byte	0x3a
 478 01fd 00       		.byte	0
 479 01fe 0C       		.uleb128 0xc
 480 01ff 2E000000 		.4byte	.LVL14
 481 0203 1C030000 		.4byte	0x31c
 482 0207 0A       		.uleb128 0xa
 483 0208 01       		.uleb128 0x1
 484 0209 50       		.byte	0x50
 485 020a 01       		.uleb128 0x1
 486 020b 30       		.byte	0x30
ARM GAS  C:\Users\PERNIL~1\AppData\Local\Temp\ccy2o0Ui.s 			page 11


 487 020c 00       		.byte	0
 488 020d 00       		.byte	0
 489 020e 0E       		.uleb128 0xe
 490 020f 6900     		.ascii	"i\000"
 491 0211 01       		.byte	0x1
 492 0212 10       		.byte	0x10
 493 0213 83000000 		.4byte	0x83
 494 0217 05       		.uleb128 0x5
 495 0218 03       		.byte	0x3
 496 0219 00000000 		.4byte	i
 497 021d 0E       		.uleb128 0xe
 498 021e 64697300 		.ascii	"dis\000"
 499 0222 01       		.byte	0x1
 500 0223 11       		.byte	0x11
 501 0224 83000000 		.4byte	0x83
 502 0228 05       		.uleb128 0x5
 503 0229 03       		.byte	0x3
 504 022a 04000000 		.4byte	dis
 505 022e 0F       		.uleb128 0xf
 506 022f 8F010000 		.4byte	.LASF20
 507 0233 03       		.byte	0x3
 508 0234 02       		.byte	0x2
 509 0235 5D000000 		.4byte	0x5d
 510 0239 10       		.uleb128 0x10
 511 023a A9000000 		.4byte	0xa9
 512 023e 49020000 		.4byte	0x249
 513 0242 11       		.uleb128 0x11
 514 0243 C3000000 		.4byte	0xc3
 515 0247 13       		.byte	0x13
 516 0248 00       		.byte	0
 517 0249 12       		.uleb128 0x12
 518 024a 18000000 		.4byte	.LASF21
 519 024e 01       		.byte	0x1
 520 024f 13       		.byte	0x13
 521 0250 39020000 		.4byte	0x239
 522 0254 05       		.uleb128 0x5
 523 0255 03       		.byte	0x3
 524 0256 00000000 		.4byte	value
 525 025a 13       		.uleb128 0x13
 526 025b 703200   		.ascii	"p2\000"
 527 025e 01       		.byte	0x1
 528 025f 14       		.byte	0x14
 529 0260 CA000000 		.4byte	0xca
 530 0264 05       		.uleb128 0x5
 531 0265 03       		.byte	0x3
 532 0266 00000000 		.4byte	p2
 533 026a 10       		.uleb128 0x10
 534 026b A9000000 		.4byte	0xa9
 535 026f 7A020000 		.4byte	0x27a
 536 0273 11       		.uleb128 0x11
 537 0274 C3000000 		.4byte	0xc3
 538 0278 0E       		.byte	0xe
 539 0279 00       		.byte	0
 540 027a 12       		.uleb128 0x12
 541 027b 49000000 		.4byte	.LASF22
 542 027f 01       		.byte	0x1
 543 0280 15       		.byte	0x15
ARM GAS  C:\Users\PERNIL~1\AppData\Local\Temp\ccy2o0Ui.s 			page 12


 544 0281 6A020000 		.4byte	0x26a
 545 0285 05       		.uleb128 0x5
 546 0286 03       		.byte	0x3
 547 0287 00000000 		.4byte	test_string1
 548 028b 12       		.uleb128 0x12
 549 028c 56000000 		.4byte	.LASF23
 550 0290 01       		.byte	0x1
 551 0291 16       		.byte	0x16
 552 0292 6A020000 		.4byte	0x26a
 553 0296 05       		.uleb128 0x5
 554 0297 03       		.byte	0x3
 555 0298 00000000 		.4byte	test_string2
 556 029c 14       		.uleb128 0x14
 557 029d B3000000 		.4byte	.LASF24
 558 02a1 04       		.byte	0x4
 559 02a2 4701     		.2byte	0x147
 560 02a4 AE020000 		.4byte	0x2ae
 561 02a8 15       		.uleb128 0x15
 562 02a9 83000000 		.4byte	0x83
 563 02ad 00       		.byte	0
 564 02ae 16       		.uleb128 0x16
 565 02af 37000000 		.4byte	.LASF32
 566 02b3 04       		.byte	0x4
 567 02b4 4B01     		.2byte	0x14b
 568 02b6 83000000 		.4byte	0x83
 569 02ba 14       		.uleb128 0x14
 570 02bb 1E000000 		.4byte	.LASF25
 571 02bf 05       		.byte	0x5
 572 02c0 7701     		.2byte	0x177
 573 02c2 CC020000 		.4byte	0x2cc
 574 02c6 15       		.uleb128 0x15
 575 02c7 CC020000 		.4byte	0x2cc
 576 02cb 00       		.byte	0
 577 02cc 05       		.uleb128 0x5
 578 02cd 04       		.byte	0x4
 579 02ce D2020000 		.4byte	0x2d2
 580 02d2 07       		.uleb128 0x7
 581 02d3 9D000000 		.4byte	0x9d
 582 02d7 17       		.uleb128 0x17
 583 02d8 7D020000 		.4byte	.LASF33
 584 02dc 09       		.byte	0x9
 585 02dd DE       		.byte	0xde
 586 02de 5D000000 		.4byte	0x5d
 587 02e2 F2020000 		.4byte	0x2f2
 588 02e6 15       		.uleb128 0x15
 589 02e7 CA000000 		.4byte	0xca
 590 02eb 15       		.uleb128 0x15
 591 02ec D0000000 		.4byte	0xd0
 592 02f0 18       		.uleb128 0x18
 593 02f1 00       		.byte	0
 594 02f2 19       		.uleb128 0x19
 595 02f3 85020000 		.4byte	.LASF26
 596 02f7 06       		.byte	0x6
 597 02f8 5A       		.byte	0x5a
 598 02f9 03030000 		.4byte	0x303
 599 02fd 15       		.uleb128 0x15
 600 02fe 83000000 		.4byte	0x83
ARM GAS  C:\Users\PERNIL~1\AppData\Local\Temp\ccy2o0Ui.s 			page 13


 601 0302 00       		.byte	0
 602 0303 1A       		.uleb128 0x1a
 603 0304 52010000 		.4byte	.LASF34
 604 0308 04       		.byte	0x4
 605 0309 3201     		.2byte	0x132
 606 030b 19       		.uleb128 0x19
 607 030c C8000000 		.4byte	.LASF27
 608 0310 07       		.byte	0x7
 609 0311 18       		.byte	0x18
 610 0312 1C030000 		.4byte	0x31c
 611 0316 15       		.uleb128 0x15
 612 0317 B0000000 		.4byte	0xb0
 613 031b 00       		.byte	0
 614 031c 19       		.uleb128 0x19
 615 031d 00000000 		.4byte	.LASF28
 616 0321 08       		.byte	0x8
 617 0322 33       		.byte	0x33
 618 0323 2D030000 		.4byte	0x32d
 619 0327 15       		.uleb128 0x15
 620 0328 6B000000 		.4byte	0x6b
 621 032c 00       		.byte	0
 622 032d 1B       		.uleb128 0x1b
 623 032e 41010000 		.4byte	.LASF35
 624 0332 06       		.byte	0x6
 625 0333 5B       		.byte	0x5b
 626 0334 15       		.uleb128 0x15
 627 0335 77000000 		.4byte	0x77
 628 0339 00       		.byte	0
 629 033a 00       		.byte	0
 630              		.section	.debug_abbrev,"",%progbits
 631              	.Ldebug_abbrev0:
 632 0000 01       		.uleb128 0x1
 633 0001 11       		.uleb128 0x11
 634 0002 01       		.byte	0x1
 635 0003 25       		.uleb128 0x25
 636 0004 0E       		.uleb128 0xe
 637 0005 13       		.uleb128 0x13
 638 0006 0B       		.uleb128 0xb
 639 0007 03       		.uleb128 0x3
 640 0008 0E       		.uleb128 0xe
 641 0009 1B       		.uleb128 0x1b
 642 000a 0E       		.uleb128 0xe
 643 000b 55       		.uleb128 0x55
 644 000c 17       		.uleb128 0x17
 645 000d 11       		.uleb128 0x11
 646 000e 01       		.uleb128 0x1
 647 000f 10       		.uleb128 0x10
 648 0010 17       		.uleb128 0x17
 649 0011 00       		.byte	0
 650 0012 00       		.byte	0
 651 0013 02       		.uleb128 0x2
 652 0014 24       		.uleb128 0x24
 653 0015 00       		.byte	0
 654 0016 0B       		.uleb128 0xb
 655 0017 0B       		.uleb128 0xb
 656 0018 3E       		.uleb128 0x3e
 657 0019 0B       		.uleb128 0xb
ARM GAS  C:\Users\PERNIL~1\AppData\Local\Temp\ccy2o0Ui.s 			page 14


 658 001a 03       		.uleb128 0x3
 659 001b 0E       		.uleb128 0xe
 660 001c 00       		.byte	0
 661 001d 00       		.byte	0
 662 001e 03       		.uleb128 0x3
 663 001f 24       		.uleb128 0x24
 664 0020 00       		.byte	0
 665 0021 0B       		.uleb128 0xb
 666 0022 0B       		.uleb128 0xb
 667 0023 3E       		.uleb128 0x3e
 668 0024 0B       		.uleb128 0xb
 669 0025 03       		.uleb128 0x3
 670 0026 08       		.uleb128 0x8
 671 0027 00       		.byte	0
 672 0028 00       		.byte	0
 673 0029 04       		.uleb128 0x4
 674 002a 16       		.uleb128 0x16
 675 002b 00       		.byte	0
 676 002c 03       		.uleb128 0x3
 677 002d 0E       		.uleb128 0xe
 678 002e 3A       		.uleb128 0x3a
 679 002f 0B       		.uleb128 0xb
 680 0030 3B       		.uleb128 0x3b
 681 0031 05       		.uleb128 0x5
 682 0032 49       		.uleb128 0x49
 683 0033 13       		.uleb128 0x13
 684 0034 00       		.byte	0
 685 0035 00       		.byte	0
 686 0036 05       		.uleb128 0x5
 687 0037 0F       		.uleb128 0xf
 688 0038 00       		.byte	0
 689 0039 0B       		.uleb128 0xb
 690 003a 0B       		.uleb128 0xb
 691 003b 49       		.uleb128 0x49
 692 003c 13       		.uleb128 0x13
 693 003d 00       		.byte	0
 694 003e 00       		.byte	0
 695 003f 06       		.uleb128 0x6
 696 0040 15       		.uleb128 0x15
 697 0041 00       		.byte	0
 698 0042 27       		.uleb128 0x27
 699 0043 19       		.uleb128 0x19
 700 0044 00       		.byte	0
 701 0045 00       		.byte	0
 702 0046 07       		.uleb128 0x7
 703 0047 26       		.uleb128 0x26
 704 0048 00       		.byte	0
 705 0049 49       		.uleb128 0x49
 706 004a 13       		.uleb128 0x13
 707 004b 00       		.byte	0
 708 004c 00       		.byte	0
 709 004d 08       		.uleb128 0x8
 710 004e 2E       		.uleb128 0x2e
 711 004f 01       		.byte	0x1
 712 0050 3F       		.uleb128 0x3f
 713 0051 19       		.uleb128 0x19
 714 0052 03       		.uleb128 0x3
ARM GAS  C:\Users\PERNIL~1\AppData\Local\Temp\ccy2o0Ui.s 			page 15


 715 0053 0E       		.uleb128 0xe
 716 0054 3A       		.uleb128 0x3a
 717 0055 0B       		.uleb128 0xb
 718 0056 3B       		.uleb128 0x3b
 719 0057 0B       		.uleb128 0xb
 720 0058 27       		.uleb128 0x27
 721 0059 19       		.uleb128 0x19
 722 005a 11       		.uleb128 0x11
 723 005b 01       		.uleb128 0x1
 724 005c 12       		.uleb128 0x12
 725 005d 06       		.uleb128 0x6
 726 005e 40       		.uleb128 0x40
 727 005f 18       		.uleb128 0x18
 728 0060 9642     		.uleb128 0x2116
 729 0062 19       		.uleb128 0x19
 730 0063 01       		.uleb128 0x1
 731 0064 13       		.uleb128 0x13
 732 0065 00       		.byte	0
 733 0066 00       		.byte	0
 734 0067 09       		.uleb128 0x9
 735 0068 898201   		.uleb128 0x4109
 736 006b 01       		.byte	0x1
 737 006c 11       		.uleb128 0x11
 738 006d 01       		.uleb128 0x1
 739 006e 31       		.uleb128 0x31
 740 006f 13       		.uleb128 0x13
 741 0070 01       		.uleb128 0x1
 742 0071 13       		.uleb128 0x13
 743 0072 00       		.byte	0
 744 0073 00       		.byte	0
 745 0074 0A       		.uleb128 0xa
 746 0075 8A8201   		.uleb128 0x410a
 747 0078 00       		.byte	0
 748 0079 02       		.uleb128 0x2
 749 007a 18       		.uleb128 0x18
 750 007b 9142     		.uleb128 0x2111
 751 007d 18       		.uleb128 0x18
 752 007e 00       		.byte	0
 753 007f 00       		.byte	0
 754 0080 0B       		.uleb128 0xb
 755 0081 898201   		.uleb128 0x4109
 756 0084 00       		.byte	0
 757 0085 11       		.uleb128 0x11
 758 0086 01       		.uleb128 0x1
 759 0087 31       		.uleb128 0x31
 760 0088 13       		.uleb128 0x13
 761 0089 00       		.byte	0
 762 008a 00       		.byte	0
 763 008b 0C       		.uleb128 0xc
 764 008c 898201   		.uleb128 0x4109
 765 008f 01       		.byte	0x1
 766 0090 11       		.uleb128 0x11
 767 0091 01       		.uleb128 0x1
 768 0092 31       		.uleb128 0x31
 769 0093 13       		.uleb128 0x13
 770 0094 00       		.byte	0
 771 0095 00       		.byte	0
ARM GAS  C:\Users\PERNIL~1\AppData\Local\Temp\ccy2o0Ui.s 			page 16


 772 0096 0D       		.uleb128 0xd
 773 0097 2E       		.uleb128 0x2e
 774 0098 01       		.byte	0x1
 775 0099 3F       		.uleb128 0x3f
 776 009a 19       		.uleb128 0x19
 777 009b 03       		.uleb128 0x3
 778 009c 0E       		.uleb128 0xe
 779 009d 3A       		.uleb128 0x3a
 780 009e 0B       		.uleb128 0xb
 781 009f 3B       		.uleb128 0x3b
 782 00a0 0B       		.uleb128 0xb
 783 00a1 49       		.uleb128 0x49
 784 00a2 13       		.uleb128 0x13
 785 00a3 11       		.uleb128 0x11
 786 00a4 01       		.uleb128 0x1
 787 00a5 12       		.uleb128 0x12
 788 00a6 06       		.uleb128 0x6
 789 00a7 40       		.uleb128 0x40
 790 00a8 18       		.uleb128 0x18
 791 00a9 9742     		.uleb128 0x2117
 792 00ab 19       		.uleb128 0x19
 793 00ac 01       		.uleb128 0x1
 794 00ad 13       		.uleb128 0x13
 795 00ae 00       		.byte	0
 796 00af 00       		.byte	0
 797 00b0 0E       		.uleb128 0xe
 798 00b1 34       		.uleb128 0x34
 799 00b2 00       		.byte	0
 800 00b3 03       		.uleb128 0x3
 801 00b4 08       		.uleb128 0x8
 802 00b5 3A       		.uleb128 0x3a
 803 00b6 0B       		.uleb128 0xb
 804 00b7 3B       		.uleb128 0x3b
 805 00b8 0B       		.uleb128 0xb
 806 00b9 49       		.uleb128 0x49
 807 00ba 13       		.uleb128 0x13
 808 00bb 02       		.uleb128 0x2
 809 00bc 18       		.uleb128 0x18
 810 00bd 00       		.byte	0
 811 00be 00       		.byte	0
 812 00bf 0F       		.uleb128 0xf
 813 00c0 34       		.uleb128 0x34
 814 00c1 00       		.byte	0
 815 00c2 03       		.uleb128 0x3
 816 00c3 0E       		.uleb128 0xe
 817 00c4 3A       		.uleb128 0x3a
 818 00c5 0B       		.uleb128 0xb
 819 00c6 3B       		.uleb128 0x3b
 820 00c7 0B       		.uleb128 0xb
 821 00c8 49       		.uleb128 0x49
 822 00c9 13       		.uleb128 0x13
 823 00ca 3F       		.uleb128 0x3f
 824 00cb 19       		.uleb128 0x19
 825 00cc 3C       		.uleb128 0x3c
 826 00cd 19       		.uleb128 0x19
 827 00ce 00       		.byte	0
 828 00cf 00       		.byte	0
ARM GAS  C:\Users\PERNIL~1\AppData\Local\Temp\ccy2o0Ui.s 			page 17


 829 00d0 10       		.uleb128 0x10
 830 00d1 01       		.uleb128 0x1
 831 00d2 01       		.byte	0x1
 832 00d3 49       		.uleb128 0x49
 833 00d4 13       		.uleb128 0x13
 834 00d5 01       		.uleb128 0x1
 835 00d6 13       		.uleb128 0x13
 836 00d7 00       		.byte	0
 837 00d8 00       		.byte	0
 838 00d9 11       		.uleb128 0x11
 839 00da 21       		.uleb128 0x21
 840 00db 00       		.byte	0
 841 00dc 49       		.uleb128 0x49
 842 00dd 13       		.uleb128 0x13
 843 00de 2F       		.uleb128 0x2f
 844 00df 0B       		.uleb128 0xb
 845 00e0 00       		.byte	0
 846 00e1 00       		.byte	0
 847 00e2 12       		.uleb128 0x12
 848 00e3 34       		.uleb128 0x34
 849 00e4 00       		.byte	0
 850 00e5 03       		.uleb128 0x3
 851 00e6 0E       		.uleb128 0xe
 852 00e7 3A       		.uleb128 0x3a
 853 00e8 0B       		.uleb128 0xb
 854 00e9 3B       		.uleb128 0x3b
 855 00ea 0B       		.uleb128 0xb
 856 00eb 49       		.uleb128 0x49
 857 00ec 13       		.uleb128 0x13
 858 00ed 3F       		.uleb128 0x3f
 859 00ee 19       		.uleb128 0x19
 860 00ef 02       		.uleb128 0x2
 861 00f0 18       		.uleb128 0x18
 862 00f1 00       		.byte	0
 863 00f2 00       		.byte	0
 864 00f3 13       		.uleb128 0x13
 865 00f4 34       		.uleb128 0x34
 866 00f5 00       		.byte	0
 867 00f6 03       		.uleb128 0x3
 868 00f7 08       		.uleb128 0x8
 869 00f8 3A       		.uleb128 0x3a
 870 00f9 0B       		.uleb128 0xb
 871 00fa 3B       		.uleb128 0x3b
 872 00fb 0B       		.uleb128 0xb
 873 00fc 49       		.uleb128 0x49
 874 00fd 13       		.uleb128 0x13
 875 00fe 3F       		.uleb128 0x3f
 876 00ff 19       		.uleb128 0x19
 877 0100 02       		.uleb128 0x2
 878 0101 18       		.uleb128 0x18
 879 0102 00       		.byte	0
 880 0103 00       		.byte	0
 881 0104 14       		.uleb128 0x14
 882 0105 2E       		.uleb128 0x2e
 883 0106 01       		.byte	0x1
 884 0107 3F       		.uleb128 0x3f
 885 0108 19       		.uleb128 0x19
ARM GAS  C:\Users\PERNIL~1\AppData\Local\Temp\ccy2o0Ui.s 			page 18


 886 0109 03       		.uleb128 0x3
 887 010a 0E       		.uleb128 0xe
 888 010b 3A       		.uleb128 0x3a
 889 010c 0B       		.uleb128 0xb
 890 010d 3B       		.uleb128 0x3b
 891 010e 05       		.uleb128 0x5
 892 010f 27       		.uleb128 0x27
 893 0110 19       		.uleb128 0x19
 894 0111 3C       		.uleb128 0x3c
 895 0112 19       		.uleb128 0x19
 896 0113 01       		.uleb128 0x1
 897 0114 13       		.uleb128 0x13
 898 0115 00       		.byte	0
 899 0116 00       		.byte	0
 900 0117 15       		.uleb128 0x15
 901 0118 05       		.uleb128 0x5
 902 0119 00       		.byte	0
 903 011a 49       		.uleb128 0x49
 904 011b 13       		.uleb128 0x13
 905 011c 00       		.byte	0
 906 011d 00       		.byte	0
 907 011e 16       		.uleb128 0x16
 908 011f 2E       		.uleb128 0x2e
 909 0120 00       		.byte	0
 910 0121 3F       		.uleb128 0x3f
 911 0122 19       		.uleb128 0x19
 912 0123 03       		.uleb128 0x3
 913 0124 0E       		.uleb128 0xe
 914 0125 3A       		.uleb128 0x3a
 915 0126 0B       		.uleb128 0xb
 916 0127 3B       		.uleb128 0x3b
 917 0128 05       		.uleb128 0x5
 918 0129 27       		.uleb128 0x27
 919 012a 19       		.uleb128 0x19
 920 012b 49       		.uleb128 0x49
 921 012c 13       		.uleb128 0x13
 922 012d 3C       		.uleb128 0x3c
 923 012e 19       		.uleb128 0x19
 924 012f 00       		.byte	0
 925 0130 00       		.byte	0
 926 0131 17       		.uleb128 0x17
 927 0132 2E       		.uleb128 0x2e
 928 0133 01       		.byte	0x1
 929 0134 3F       		.uleb128 0x3f
 930 0135 19       		.uleb128 0x19
 931 0136 03       		.uleb128 0x3
 932 0137 0E       		.uleb128 0xe
 933 0138 3A       		.uleb128 0x3a
 934 0139 0B       		.uleb128 0xb
 935 013a 3B       		.uleb128 0x3b
 936 013b 0B       		.uleb128 0xb
 937 013c 27       		.uleb128 0x27
 938 013d 19       		.uleb128 0x19
 939 013e 49       		.uleb128 0x49
 940 013f 13       		.uleb128 0x13
 941 0140 3C       		.uleb128 0x3c
 942 0141 19       		.uleb128 0x19
ARM GAS  C:\Users\PERNIL~1\AppData\Local\Temp\ccy2o0Ui.s 			page 19


 943 0142 01       		.uleb128 0x1
 944 0143 13       		.uleb128 0x13
 945 0144 00       		.byte	0
 946 0145 00       		.byte	0
 947 0146 18       		.uleb128 0x18
 948 0147 18       		.uleb128 0x18
 949 0148 00       		.byte	0
 950 0149 00       		.byte	0
 951 014a 00       		.byte	0
 952 014b 19       		.uleb128 0x19
 953 014c 2E       		.uleb128 0x2e
 954 014d 01       		.byte	0x1
 955 014e 3F       		.uleb128 0x3f
 956 014f 19       		.uleb128 0x19
 957 0150 03       		.uleb128 0x3
 958 0151 0E       		.uleb128 0xe
 959 0152 3A       		.uleb128 0x3a
 960 0153 0B       		.uleb128 0xb
 961 0154 3B       		.uleb128 0x3b
 962 0155 0B       		.uleb128 0xb
 963 0156 27       		.uleb128 0x27
 964 0157 19       		.uleb128 0x19
 965 0158 3C       		.uleb128 0x3c
 966 0159 19       		.uleb128 0x19
 967 015a 01       		.uleb128 0x1
 968 015b 13       		.uleb128 0x13
 969 015c 00       		.byte	0
 970 015d 00       		.byte	0
 971 015e 1A       		.uleb128 0x1a
 972 015f 2E       		.uleb128 0x2e
 973 0160 00       		.byte	0
 974 0161 3F       		.uleb128 0x3f
 975 0162 19       		.uleb128 0x19
 976 0163 03       		.uleb128 0x3
 977 0164 0E       		.uleb128 0xe
 978 0165 3A       		.uleb128 0x3a
 979 0166 0B       		.uleb128 0xb
 980 0167 3B       		.uleb128 0x3b
 981 0168 05       		.uleb128 0x5
 982 0169 27       		.uleb128 0x27
 983 016a 19       		.uleb128 0x19
 984 016b 3C       		.uleb128 0x3c
 985 016c 19       		.uleb128 0x19
 986 016d 00       		.byte	0
 987 016e 00       		.byte	0
 988 016f 1B       		.uleb128 0x1b
 989 0170 2E       		.uleb128 0x2e
 990 0171 01       		.byte	0x1
 991 0172 3F       		.uleb128 0x3f
 992 0173 19       		.uleb128 0x19
 993 0174 03       		.uleb128 0x3
 994 0175 0E       		.uleb128 0xe
 995 0176 3A       		.uleb128 0x3a
 996 0177 0B       		.uleb128 0xb
 997 0178 3B       		.uleb128 0x3b
 998 0179 0B       		.uleb128 0xb
 999 017a 27       		.uleb128 0x27
ARM GAS  C:\Users\PERNIL~1\AppData\Local\Temp\ccy2o0Ui.s 			page 20


 1000 017b 19       		.uleb128 0x19
 1001 017c 3C       		.uleb128 0x3c
 1002 017d 19       		.uleb128 0x19
 1003 017e 00       		.byte	0
 1004 017f 00       		.byte	0
 1005 0180 00       		.byte	0
 1006              		.section	.debug_aranges,"",%progbits
 1007 0000 24000000 		.4byte	0x24
 1008 0004 0200     		.2byte	0x2
 1009 0006 00000000 		.4byte	.Ldebug_info0
 1010 000a 04       		.byte	0x4
 1011 000b 00       		.byte	0
 1012 000c 0000     		.2byte	0
 1013 000e 0000     		.2byte	0
 1014 0010 00000000 		.4byte	.LFB34
 1015 0014 8C000000 		.4byte	.LFE34-.LFB34
 1016 0018 00000000 		.4byte	.LFB35
 1017 001c 48000000 		.4byte	.LFE35-.LFB35
 1018 0020 00000000 		.4byte	0
 1019 0024 00000000 		.4byte	0
 1020              		.section	.debug_ranges,"",%progbits
 1021              	.Ldebug_ranges0:
 1022 0000 00000000 		.4byte	.LFB34
 1023 0004 8C000000 		.4byte	.LFE34
 1024 0008 00000000 		.4byte	.LFB35
 1025 000c 48000000 		.4byte	.LFE35
 1026 0010 00000000 		.4byte	0
 1027 0014 00000000 		.4byte	0
 1028              		.section	.debug_line,"",%progbits
 1029              	.Ldebug_line0:
 1030 0000 59010000 		.section	.debug_str,"MS",%progbits,1
 1030      02000E01 
 1030      00000201 
 1030      FB0E0D00 
 1030      01010101 
 1031              	.LASF28:
 1032 0000 54726967 		.ascii	"Trig_Write\000"
 1032      5F577269 
 1032      746500
 1033              	.LASF30:
 1034 000b 2E5C6469 		.ascii	".\\distance.c\000"
 1034      7374616E 
 1034      63652E63 
 1034      00
 1035              	.LASF21:
 1036 0018 76616C75 		.ascii	"value\000"
 1036      6500
 1037              	.LASF25:
 1038 001e 55415254 		.ascii	"UART_print_UartPutString\000"
 1038      5F707269 
 1038      6E745F55 
 1038      61727450 
 1038      75745374 
 1039              	.LASF32:
 1040 0037 54696D65 		.ascii	"Timer_ReadCounter\000"
 1040      725F5265 
 1040      6164436F 
ARM GAS  C:\Users\PERNIL~1\AppData\Local\Temp\ccy2o0Ui.s 			page 21


 1040      756E7465 
 1040      7200
 1041              	.LASF22:
 1042 0049 74657374 		.ascii	"test_string1\000"
 1042      5F737472 
 1042      696E6731 
 1042      00
 1043              	.LASF23:
 1044 0056 74657374 		.ascii	"test_string2\000"
 1044      5F737472 
 1044      696E6732 
 1044      00
 1045              	.LASF19:
 1046 0063 64697374 		.ascii	"distanceToObject\000"
 1046      616E6365 
 1046      546F4F62 
 1046      6A656374 
 1046      00
 1047              	.LASF12:
 1048 0074 666C6F61 		.ascii	"float\000"
 1048      7400
 1049              	.LASF1:
 1050 007a 756E7369 		.ascii	"unsigned char\000"
 1050      676E6564 
 1050      20636861 
 1050      7200
 1051              	.LASF14:
 1052 0088 63686172 		.ascii	"char8\000"
 1052      3800
 1053              	.LASF5:
 1054 008e 6C6F6E67 		.ascii	"long unsigned int\000"
 1054      20756E73 
 1054      69676E65 
 1054      6420696E 
 1054      7400
 1055              	.LASF3:
 1056 00a0 73686F72 		.ascii	"short unsigned int\000"
 1056      7420756E 
 1056      7369676E 
 1056      65642069 
 1056      6E7400
 1057              	.LASF24:
 1058 00b3 54696D65 		.ascii	"Timer_ClearInterrupt\000"
 1058      725F436C 
 1058      65617249 
 1058      6E746572 
 1058      72757074 
 1059              	.LASF27:
 1060 00c8 4953525F 		.ascii	"ISR_StartEx\000"
 1060      53746172 
 1060      74457800 
 1061              	.LASF13:
 1062 00d4 646F7562 		.ascii	"double\000"
 1062      6C6500
 1063              	.LASF10:
 1064 00db 75696E74 		.ascii	"uint16\000"
 1064      313600
ARM GAS  C:\Users\PERNIL~1\AppData\Local\Temp\ccy2o0Ui.s 			page 22


 1065              	.LASF31:
 1066 00e2 433A5C55 		.ascii	"C:\\Users\\PernilleLouise\\Documents\\Elektro\\4. s"
 1066      73657273 
 1066      5C506572 
 1066      6E696C6C 
 1066      654C6F75 
 1067 0110 656D6573 		.ascii	"emester\\E4PRJ\\Projekt\\Workspace01\\Design01.cyds"
 1067      7465725C 
 1067      45345052 
 1067      4A5C5072 
 1067      6F6A656B 
 1068 013f 6E00     		.ascii	"n\000"
 1069              	.LASF35:
 1070 0141 43794465 		.ascii	"CyDelayUs\000"
 1070      6C617955 
 1070      7300
 1071              	.LASF11:
 1072 014b 75696E74 		.ascii	"uint32\000"
 1072      333200
 1073              	.LASF34:
 1074 0152 54696D65 		.ascii	"Timer_Start\000"
 1074      725F5374 
 1074      61727400 
 1075              	.LASF8:
 1076 015e 756E7369 		.ascii	"unsigned int\000"
 1076      676E6564 
 1076      20696E74 
 1076      00
 1077              	.LASF7:
 1078 016b 6C6F6E67 		.ascii	"long long unsigned int\000"
 1078      206C6F6E 
 1078      6720756E 
 1078      7369676E 
 1078      65642069 
 1079              	.LASF16:
 1080 0182 63796973 		.ascii	"cyisraddress\000"
 1080      72616464 
 1080      72657373 
 1080      00
 1081              	.LASF20:
 1082 018f 64697374 		.ascii	"distanceFlag\000"
 1082      616E6365 
 1082      466C6167 
 1082      00
 1083              	.LASF17:
 1084 019c 73697A65 		.ascii	"sizetype\000"
 1084      74797065 
 1084      00
 1085              	.LASF6:
 1086 01a5 6C6F6E67 		.ascii	"long long int\000"
 1086      206C6F6E 
 1086      6720696E 
 1086      7400
 1087              	.LASF15:
 1088 01b3 63686172 		.ascii	"char\000"
 1088      00
 1089              	.LASF18:
ARM GAS  C:\Users\PERNIL~1\AppData\Local\Temp\ccy2o0Ui.s 			page 23


 1090 01b8 54696D65 		.ascii	"Timer_ISR_handler\000"
 1090      725F4953 
 1090      525F6861 
 1090      6E646C65 
 1090      7200
 1091              	.LASF29:
 1092 01ca 474E5520 		.ascii	"GNU C 4.9.3 20150303 (release) [ARM/embedded-4_9-br"
 1092      4320342E 
 1092      392E3320 
 1092      32303135 
 1092      30333033 
 1093 01fd 616E6368 		.ascii	"anch revision 221220] -mcpu=cortex-m0 -mthumb -g -O"
 1093      20726576 
 1093      6973696F 
 1093      6E203232 
 1093      31323230 
 1094 0230 67202D66 		.ascii	"g -ffunction-sections -ffat-lto-objects\000"
 1094      66756E63 
 1094      74696F6E 
 1094      2D736563 
 1094      74696F6E 
 1095              	.LASF2:
 1096 0258 73686F72 		.ascii	"short int\000"
 1096      7420696E 
 1096      7400
 1097              	.LASF9:
 1098 0262 75696E74 		.ascii	"uint8\000"
 1098      3800
 1099              	.LASF4:
 1100 0268 6C6F6E67 		.ascii	"long int\000"
 1100      20696E74 
 1100      00
 1101              	.LASF0:
 1102 0271 7369676E 		.ascii	"signed char\000"
 1102      65642063 
 1102      68617200 
 1103              	.LASF33:
 1104 027d 73707269 		.ascii	"sprintf\000"
 1104      6E746600 
 1105              	.LASF26:
 1106 0285 43794465 		.ascii	"CyDelay\000"
 1106      6C617900 
 1107              		.ident	"GCC: (GNU Tools for ARM Embedded Processors) 4.9.3 20150303 (release) [ARM/embedded-4_9-br
