ARM GAS  C:\Users\mathias\AppData\Local\Temp\ccDoQigV.s 			page 1


   1              		.cpu cortex-m0
   2              		.fpu softvfp
   3              		.eabi_attribute 20, 1
   4              		.eabi_attribute 21, 1
   5              		.eabi_attribute 23, 3
   6              		.eabi_attribute 24, 1
   7              		.eabi_attribute 25, 1
   8              		.eabi_attribute 26, 1
   9              		.eabi_attribute 30, 1
  10              		.eabi_attribute 34, 0
  11              		.eabi_attribute 18, 4
  12              		.code	16
  13              		.file	"PWM_1_PM.c"
  14              		.text
  15              	.Ltext0:
  16              		.cfi_sections	.debug_frame
  17              		.section	.text.PWM_1_SaveConfig,"ax",%progbits
  18              		.align	2
  19              		.global	PWM_1_SaveConfig
  20              		.code	16
  21              		.thumb_func
  22              		.type	PWM_1_SaveConfig, %function
  23              	PWM_1_SaveConfig:
  24              	.LFB0:
  25              		.file 1 ".\\Generated_Source\\PSoC4\\PWM_1_PM.c"
   1:.\Generated_Source\PSoC4/PWM_1_PM.c **** /*******************************************************************************
   2:.\Generated_Source\PSoC4/PWM_1_PM.c **** * File Name: PWM_1_PM.c
   3:.\Generated_Source\PSoC4/PWM_1_PM.c **** * Version 3.30
   4:.\Generated_Source\PSoC4/PWM_1_PM.c **** *
   5:.\Generated_Source\PSoC4/PWM_1_PM.c **** * Description:
   6:.\Generated_Source\PSoC4/PWM_1_PM.c **** *  This file provides the power management source code to API for the
   7:.\Generated_Source\PSoC4/PWM_1_PM.c **** *  PWM.
   8:.\Generated_Source\PSoC4/PWM_1_PM.c **** *
   9:.\Generated_Source\PSoC4/PWM_1_PM.c **** * Note:
  10:.\Generated_Source\PSoC4/PWM_1_PM.c **** *
  11:.\Generated_Source\PSoC4/PWM_1_PM.c **** ********************************************************************************
  12:.\Generated_Source\PSoC4/PWM_1_PM.c **** * Copyright 2008-2014, Cypress Semiconductor Corporation.  All rights reserved.
  13:.\Generated_Source\PSoC4/PWM_1_PM.c **** * You may use this file only in accordance with the license, terms, conditions,
  14:.\Generated_Source\PSoC4/PWM_1_PM.c **** * disclaimers, and limitations in the end user license agreement accompanying
  15:.\Generated_Source\PSoC4/PWM_1_PM.c **** * the software package with which this file was provided.
  16:.\Generated_Source\PSoC4/PWM_1_PM.c **** *******************************************************************************/
  17:.\Generated_Source\PSoC4/PWM_1_PM.c **** 
  18:.\Generated_Source\PSoC4/PWM_1_PM.c **** #include "PWM_1.h"
  19:.\Generated_Source\PSoC4/PWM_1_PM.c **** 
  20:.\Generated_Source\PSoC4/PWM_1_PM.c **** static PWM_1_backupStruct PWM_1_backup;
  21:.\Generated_Source\PSoC4/PWM_1_PM.c **** 
  22:.\Generated_Source\PSoC4/PWM_1_PM.c **** 
  23:.\Generated_Source\PSoC4/PWM_1_PM.c **** /*******************************************************************************
  24:.\Generated_Source\PSoC4/PWM_1_PM.c **** * Function Name: PWM_1_SaveConfig
  25:.\Generated_Source\PSoC4/PWM_1_PM.c **** ********************************************************************************
  26:.\Generated_Source\PSoC4/PWM_1_PM.c **** *
  27:.\Generated_Source\PSoC4/PWM_1_PM.c **** * Summary:
  28:.\Generated_Source\PSoC4/PWM_1_PM.c **** *  Saves the current user configuration of the component.
  29:.\Generated_Source\PSoC4/PWM_1_PM.c **** *
  30:.\Generated_Source\PSoC4/PWM_1_PM.c **** * Parameters:
  31:.\Generated_Source\PSoC4/PWM_1_PM.c **** *  None
  32:.\Generated_Source\PSoC4/PWM_1_PM.c **** *
ARM GAS  C:\Users\mathias\AppData\Local\Temp\ccDoQigV.s 			page 2


  33:.\Generated_Source\PSoC4/PWM_1_PM.c **** * Return:
  34:.\Generated_Source\PSoC4/PWM_1_PM.c **** *  None
  35:.\Generated_Source\PSoC4/PWM_1_PM.c **** *
  36:.\Generated_Source\PSoC4/PWM_1_PM.c **** * Global variables:
  37:.\Generated_Source\PSoC4/PWM_1_PM.c **** *  PWM_1_backup:  Variables of this global structure are modified to
  38:.\Generated_Source\PSoC4/PWM_1_PM.c **** *  store the values of non retention configuration registers when Sleep() API is
  39:.\Generated_Source\PSoC4/PWM_1_PM.c **** *  called.
  40:.\Generated_Source\PSoC4/PWM_1_PM.c **** *
  41:.\Generated_Source\PSoC4/PWM_1_PM.c **** *******************************************************************************/
  42:.\Generated_Source\PSoC4/PWM_1_PM.c **** void PWM_1_SaveConfig(void) 
  43:.\Generated_Source\PSoC4/PWM_1_PM.c **** {
  26              		.loc 1 43 0
  27              		.cfi_startproc
  28 0000 10B5     		push	{r4, lr}
  29              		.cfi_def_cfa_offset 8
  30              		.cfi_offset 4, -8
  31              		.cfi_offset 14, -4
  44:.\Generated_Source\PSoC4/PWM_1_PM.c **** 
  45:.\Generated_Source\PSoC4/PWM_1_PM.c ****     #if(!PWM_1_UsingFixedFunction)
  46:.\Generated_Source\PSoC4/PWM_1_PM.c ****         #if(!PWM_1_PWMModeIsCenterAligned)
  47:.\Generated_Source\PSoC4/PWM_1_PM.c ****             PWM_1_backup.PWMPeriod = PWM_1_ReadPeriod();
  48:.\Generated_Source\PSoC4/PWM_1_PM.c ****         #endif /* (!PWM_1_PWMModeIsCenterAligned) */
  49:.\Generated_Source\PSoC4/PWM_1_PM.c ****         PWM_1_backup.PWMUdb = PWM_1_ReadCounter();
  32              		.loc 1 49 0
  33 0002 FFF7FEFF 		bl	PWM_1_ReadCounter
  34              	.LVL0:
  35 0006 044C     		ldr	r4, .L2
  36 0008 6070     		strb	r0, [r4, #1]
  50:.\Generated_Source\PSoC4/PWM_1_PM.c ****         #if (PWM_1_UseStatus)
  51:.\Generated_Source\PSoC4/PWM_1_PM.c ****             PWM_1_backup.InterruptMaskValue = PWM_1_STATUS_MASK;
  37              		.loc 1 51 0
  38 000a 044B     		ldr	r3, .L2+4
  39 000c 1B78     		ldrb	r3, [r3]
  40 000e A370     		strb	r3, [r4, #2]
  52:.\Generated_Source\PSoC4/PWM_1_PM.c ****         #endif /* (PWM_1_UseStatus) */
  53:.\Generated_Source\PSoC4/PWM_1_PM.c **** 
  54:.\Generated_Source\PSoC4/PWM_1_PM.c ****         #if(PWM_1_DeadBandMode == PWM_1__B_PWM__DBM_256_CLOCKS || \
  55:.\Generated_Source\PSoC4/PWM_1_PM.c ****             PWM_1_DeadBandMode == PWM_1__B_PWM__DBM_2_4_CLOCKS)
  56:.\Generated_Source\PSoC4/PWM_1_PM.c ****             PWM_1_backup.PWMdeadBandValue = PWM_1_ReadDeadTime();
  57:.\Generated_Source\PSoC4/PWM_1_PM.c ****         #endif /*  deadband count is either 2-4 clocks or 256 clocks */
  58:.\Generated_Source\PSoC4/PWM_1_PM.c **** 
  59:.\Generated_Source\PSoC4/PWM_1_PM.c ****         #if(PWM_1_KillModeMinTime)
  60:.\Generated_Source\PSoC4/PWM_1_PM.c ****              PWM_1_backup.PWMKillCounterPeriod = PWM_1_ReadKillTime();
  61:.\Generated_Source\PSoC4/PWM_1_PM.c ****         #endif /* (PWM_1_KillModeMinTime) */
  62:.\Generated_Source\PSoC4/PWM_1_PM.c **** 
  63:.\Generated_Source\PSoC4/PWM_1_PM.c ****         #if(PWM_1_UseControl)
  64:.\Generated_Source\PSoC4/PWM_1_PM.c ****             PWM_1_backup.PWMControlRegister = PWM_1_ReadControlRegister();
  41              		.loc 1 64 0
  42 0010 FFF7FEFF 		bl	PWM_1_ReadControlRegister
  43              	.LVL1:
  44 0014 E070     		strb	r0, [r4, #3]
  65:.\Generated_Source\PSoC4/PWM_1_PM.c ****         #endif /* (PWM_1_UseControl) */
  66:.\Generated_Source\PSoC4/PWM_1_PM.c ****     #endif  /* (!PWM_1_UsingFixedFunction) */
  67:.\Generated_Source\PSoC4/PWM_1_PM.c **** }
  45              		.loc 1 67 0
  46              		@ sp needed
  47 0016 10BD     		pop	{r4, pc}
ARM GAS  C:\Users\mathias\AppData\Local\Temp\ccDoQigV.s 			page 3


  48              	.L3:
  49              		.align	2
  50              	.L2:
  51 0018 00000000 		.word	.LANCHOR0
  52 001c 83000F40 		.word	1074724995
  53              		.cfi_endproc
  54              	.LFE0:
  55              		.size	PWM_1_SaveConfig, .-PWM_1_SaveConfig
  56              		.section	.text.PWM_1_RestoreConfig,"ax",%progbits
  57              		.align	2
  58              		.global	PWM_1_RestoreConfig
  59              		.code	16
  60              		.thumb_func
  61              		.type	PWM_1_RestoreConfig, %function
  62              	PWM_1_RestoreConfig:
  63              	.LFB1:
  68:.\Generated_Source\PSoC4/PWM_1_PM.c **** 
  69:.\Generated_Source\PSoC4/PWM_1_PM.c **** 
  70:.\Generated_Source\PSoC4/PWM_1_PM.c **** /*******************************************************************************
  71:.\Generated_Source\PSoC4/PWM_1_PM.c **** * Function Name: PWM_1_RestoreConfig
  72:.\Generated_Source\PSoC4/PWM_1_PM.c **** ********************************************************************************
  73:.\Generated_Source\PSoC4/PWM_1_PM.c **** *
  74:.\Generated_Source\PSoC4/PWM_1_PM.c **** * Summary:
  75:.\Generated_Source\PSoC4/PWM_1_PM.c **** *  Restores the current user configuration of the component.
  76:.\Generated_Source\PSoC4/PWM_1_PM.c **** *
  77:.\Generated_Source\PSoC4/PWM_1_PM.c **** * Parameters:
  78:.\Generated_Source\PSoC4/PWM_1_PM.c **** *  None
  79:.\Generated_Source\PSoC4/PWM_1_PM.c **** *
  80:.\Generated_Source\PSoC4/PWM_1_PM.c **** * Return:
  81:.\Generated_Source\PSoC4/PWM_1_PM.c **** *  None
  82:.\Generated_Source\PSoC4/PWM_1_PM.c **** *
  83:.\Generated_Source\PSoC4/PWM_1_PM.c **** * Global variables:
  84:.\Generated_Source\PSoC4/PWM_1_PM.c **** *  PWM_1_backup:  Variables of this global structure are used to
  85:.\Generated_Source\PSoC4/PWM_1_PM.c **** *  restore the values of non retention registers on wakeup from sleep mode.
  86:.\Generated_Source\PSoC4/PWM_1_PM.c **** *
  87:.\Generated_Source\PSoC4/PWM_1_PM.c **** *******************************************************************************/
  88:.\Generated_Source\PSoC4/PWM_1_PM.c **** void PWM_1_RestoreConfig(void) 
  89:.\Generated_Source\PSoC4/PWM_1_PM.c **** {
  64              		.loc 1 89 0
  65              		.cfi_startproc
  66 0000 10B5     		push	{r4, lr}
  67              		.cfi_def_cfa_offset 8
  68              		.cfi_offset 4, -8
  69              		.cfi_offset 14, -4
  90:.\Generated_Source\PSoC4/PWM_1_PM.c ****         #if(!PWM_1_UsingFixedFunction)
  91:.\Generated_Source\PSoC4/PWM_1_PM.c ****             #if(!PWM_1_PWMModeIsCenterAligned)
  92:.\Generated_Source\PSoC4/PWM_1_PM.c ****                 PWM_1_WritePeriod(PWM_1_backup.PWMPeriod);
  93:.\Generated_Source\PSoC4/PWM_1_PM.c ****             #endif /* (!PWM_1_PWMModeIsCenterAligned) */
  94:.\Generated_Source\PSoC4/PWM_1_PM.c **** 
  95:.\Generated_Source\PSoC4/PWM_1_PM.c ****             PWM_1_WriteCounter(PWM_1_backup.PWMUdb);
  70              		.loc 1 95 0
  71 0002 054C     		ldr	r4, .L5
  72 0004 6078     		ldrb	r0, [r4, #1]
  73 0006 FFF7FEFF 		bl	PWM_1_WriteCounter
  74              	.LVL2:
  96:.\Generated_Source\PSoC4/PWM_1_PM.c **** 
  97:.\Generated_Source\PSoC4/PWM_1_PM.c ****             #if (PWM_1_UseStatus)
ARM GAS  C:\Users\mathias\AppData\Local\Temp\ccDoQigV.s 			page 4


  98:.\Generated_Source\PSoC4/PWM_1_PM.c ****                 PWM_1_STATUS_MASK = PWM_1_backup.InterruptMaskValue;
  75              		.loc 1 98 0
  76 000a A278     		ldrb	r2, [r4, #2]
  77 000c 034B     		ldr	r3, .L5+4
  78 000e 1A70     		strb	r2, [r3]
  99:.\Generated_Source\PSoC4/PWM_1_PM.c ****             #endif /* (PWM_1_UseStatus) */
 100:.\Generated_Source\PSoC4/PWM_1_PM.c **** 
 101:.\Generated_Source\PSoC4/PWM_1_PM.c ****             #if(PWM_1_DeadBandMode == PWM_1__B_PWM__DBM_256_CLOCKS || \
 102:.\Generated_Source\PSoC4/PWM_1_PM.c ****                 PWM_1_DeadBandMode == PWM_1__B_PWM__DBM_2_4_CLOCKS)
 103:.\Generated_Source\PSoC4/PWM_1_PM.c ****                 PWM_1_WriteDeadTime(PWM_1_backup.PWMdeadBandValue);
 104:.\Generated_Source\PSoC4/PWM_1_PM.c ****             #endif /* deadband count is either 2-4 clocks or 256 clocks */
 105:.\Generated_Source\PSoC4/PWM_1_PM.c **** 
 106:.\Generated_Source\PSoC4/PWM_1_PM.c ****             #if(PWM_1_KillModeMinTime)
 107:.\Generated_Source\PSoC4/PWM_1_PM.c ****                 PWM_1_WriteKillTime(PWM_1_backup.PWMKillCounterPeriod);
 108:.\Generated_Source\PSoC4/PWM_1_PM.c ****             #endif /* (PWM_1_KillModeMinTime) */
 109:.\Generated_Source\PSoC4/PWM_1_PM.c **** 
 110:.\Generated_Source\PSoC4/PWM_1_PM.c ****             #if(PWM_1_UseControl)
 111:.\Generated_Source\PSoC4/PWM_1_PM.c ****                 PWM_1_WriteControlRegister(PWM_1_backup.PWMControlRegister);
  79              		.loc 1 111 0
  80 0010 E078     		ldrb	r0, [r4, #3]
  81 0012 FFF7FEFF 		bl	PWM_1_WriteControlRegister
  82              	.LVL3:
 112:.\Generated_Source\PSoC4/PWM_1_PM.c ****             #endif /* (PWM_1_UseControl) */
 113:.\Generated_Source\PSoC4/PWM_1_PM.c ****         #endif  /* (!PWM_1_UsingFixedFunction) */
 114:.\Generated_Source\PSoC4/PWM_1_PM.c ****     }
  83              		.loc 1 114 0
  84              		@ sp needed
  85 0016 10BD     		pop	{r4, pc}
  86              	.L6:
  87              		.align	2
  88              	.L5:
  89 0018 00000000 		.word	.LANCHOR0
  90 001c 83000F40 		.word	1074724995
  91              		.cfi_endproc
  92              	.LFE1:
  93              		.size	PWM_1_RestoreConfig, .-PWM_1_RestoreConfig
  94              		.section	.text.PWM_1_Sleep,"ax",%progbits
  95              		.align	2
  96              		.global	PWM_1_Sleep
  97              		.code	16
  98              		.thumb_func
  99              		.type	PWM_1_Sleep, %function
 100              	PWM_1_Sleep:
 101              	.LFB2:
 115:.\Generated_Source\PSoC4/PWM_1_PM.c **** 
 116:.\Generated_Source\PSoC4/PWM_1_PM.c **** 
 117:.\Generated_Source\PSoC4/PWM_1_PM.c **** /*******************************************************************************
 118:.\Generated_Source\PSoC4/PWM_1_PM.c **** * Function Name: PWM_1_Sleep
 119:.\Generated_Source\PSoC4/PWM_1_PM.c **** ********************************************************************************
 120:.\Generated_Source\PSoC4/PWM_1_PM.c **** *
 121:.\Generated_Source\PSoC4/PWM_1_PM.c **** * Summary:
 122:.\Generated_Source\PSoC4/PWM_1_PM.c **** *  Disables block's operation and saves the user configuration. Should be called
 123:.\Generated_Source\PSoC4/PWM_1_PM.c **** *  just prior to entering sleep.
 124:.\Generated_Source\PSoC4/PWM_1_PM.c **** *
 125:.\Generated_Source\PSoC4/PWM_1_PM.c **** * Parameters:
 126:.\Generated_Source\PSoC4/PWM_1_PM.c **** *  None
 127:.\Generated_Source\PSoC4/PWM_1_PM.c **** *
ARM GAS  C:\Users\mathias\AppData\Local\Temp\ccDoQigV.s 			page 5


 128:.\Generated_Source\PSoC4/PWM_1_PM.c **** * Return:
 129:.\Generated_Source\PSoC4/PWM_1_PM.c **** *  None
 130:.\Generated_Source\PSoC4/PWM_1_PM.c **** *
 131:.\Generated_Source\PSoC4/PWM_1_PM.c **** * Global variables:
 132:.\Generated_Source\PSoC4/PWM_1_PM.c **** *  PWM_1_backup.PWMEnableState:  Is modified depending on the enable
 133:.\Generated_Source\PSoC4/PWM_1_PM.c **** *  state of the block before entering sleep mode.
 134:.\Generated_Source\PSoC4/PWM_1_PM.c **** *
 135:.\Generated_Source\PSoC4/PWM_1_PM.c **** *******************************************************************************/
 136:.\Generated_Source\PSoC4/PWM_1_PM.c **** void PWM_1_Sleep(void) 
 137:.\Generated_Source\PSoC4/PWM_1_PM.c **** {
 102              		.loc 1 137 0
 103              		.cfi_startproc
 104 0000 08B5     		push	{r3, lr}
 105              		.cfi_def_cfa_offset 8
 106              		.cfi_offset 3, -8
 107              		.cfi_offset 14, -4
 138:.\Generated_Source\PSoC4/PWM_1_PM.c ****     #if(PWM_1_UseControl)
 139:.\Generated_Source\PSoC4/PWM_1_PM.c ****         if(PWM_1_CTRL_ENABLE == (PWM_1_CONTROL & PWM_1_CTRL_ENABLE))
 108              		.loc 1 139 0
 109 0002 084B     		ldr	r3, .L10
 110 0004 1B78     		ldrb	r3, [r3]
 111 0006 5BB2     		sxtb	r3, r3
 112 0008 002B     		cmp	r3, #0
 113 000a 03DA     		bge	.L8
 140:.\Generated_Source\PSoC4/PWM_1_PM.c ****         {
 141:.\Generated_Source\PSoC4/PWM_1_PM.c ****             /*Component is enabled */
 142:.\Generated_Source\PSoC4/PWM_1_PM.c ****             PWM_1_backup.PWMEnableState = 1u;
 114              		.loc 1 142 0
 115 000c 0122     		mov	r2, #1
 116 000e 064B     		ldr	r3, .L10+4
 117 0010 1A70     		strb	r2, [r3]
 118 0012 02E0     		b	.L9
 119              	.L8:
 143:.\Generated_Source\PSoC4/PWM_1_PM.c ****         }
 144:.\Generated_Source\PSoC4/PWM_1_PM.c ****         else
 145:.\Generated_Source\PSoC4/PWM_1_PM.c ****         {
 146:.\Generated_Source\PSoC4/PWM_1_PM.c ****             /* Component is disabled */
 147:.\Generated_Source\PSoC4/PWM_1_PM.c ****             PWM_1_backup.PWMEnableState = 0u;
 120              		.loc 1 147 0
 121 0014 0022     		mov	r2, #0
 122 0016 044B     		ldr	r3, .L10+4
 123 0018 1A70     		strb	r2, [r3]
 124              	.L9:
 148:.\Generated_Source\PSoC4/PWM_1_PM.c ****         }
 149:.\Generated_Source\PSoC4/PWM_1_PM.c ****     #endif /* (PWM_1_UseControl) */
 150:.\Generated_Source\PSoC4/PWM_1_PM.c **** 
 151:.\Generated_Source\PSoC4/PWM_1_PM.c ****     /* Stop component */
 152:.\Generated_Source\PSoC4/PWM_1_PM.c ****     PWM_1_Stop();
 125              		.loc 1 152 0
 126 001a FFF7FEFF 		bl	PWM_1_Stop
 127              	.LVL4:
 153:.\Generated_Source\PSoC4/PWM_1_PM.c **** 
 154:.\Generated_Source\PSoC4/PWM_1_PM.c ****     /* Save registers configuration */
 155:.\Generated_Source\PSoC4/PWM_1_PM.c ****     PWM_1_SaveConfig();
 128              		.loc 1 155 0
 129 001e FFF7FEFF 		bl	PWM_1_SaveConfig
 130              	.LVL5:
ARM GAS  C:\Users\mathias\AppData\Local\Temp\ccDoQigV.s 			page 6


 156:.\Generated_Source\PSoC4/PWM_1_PM.c **** }
 131              		.loc 1 156 0
 132              		@ sp needed
 133 0022 08BD     		pop	{r3, pc}
 134              	.L11:
 135              		.align	2
 136              	.L10:
 137 0024 73000F40 		.word	1074724979
 138 0028 00000000 		.word	.LANCHOR0
 139              		.cfi_endproc
 140              	.LFE2:
 141              		.size	PWM_1_Sleep, .-PWM_1_Sleep
 142              		.section	.text.PWM_1_Wakeup,"ax",%progbits
 143              		.align	2
 144              		.global	PWM_1_Wakeup
 145              		.code	16
 146              		.thumb_func
 147              		.type	PWM_1_Wakeup, %function
 148              	PWM_1_Wakeup:
 149              	.LFB3:
 157:.\Generated_Source\PSoC4/PWM_1_PM.c **** 
 158:.\Generated_Source\PSoC4/PWM_1_PM.c **** 
 159:.\Generated_Source\PSoC4/PWM_1_PM.c **** /*******************************************************************************
 160:.\Generated_Source\PSoC4/PWM_1_PM.c **** * Function Name: PWM_1_Wakeup
 161:.\Generated_Source\PSoC4/PWM_1_PM.c **** ********************************************************************************
 162:.\Generated_Source\PSoC4/PWM_1_PM.c **** *
 163:.\Generated_Source\PSoC4/PWM_1_PM.c **** * Summary:
 164:.\Generated_Source\PSoC4/PWM_1_PM.c **** *  Restores and enables the user configuration. Should be called just after
 165:.\Generated_Source\PSoC4/PWM_1_PM.c **** *  awaking from sleep.
 166:.\Generated_Source\PSoC4/PWM_1_PM.c **** *
 167:.\Generated_Source\PSoC4/PWM_1_PM.c **** * Parameters:
 168:.\Generated_Source\PSoC4/PWM_1_PM.c **** *  None
 169:.\Generated_Source\PSoC4/PWM_1_PM.c **** *
 170:.\Generated_Source\PSoC4/PWM_1_PM.c **** * Return:
 171:.\Generated_Source\PSoC4/PWM_1_PM.c **** *  None
 172:.\Generated_Source\PSoC4/PWM_1_PM.c **** *
 173:.\Generated_Source\PSoC4/PWM_1_PM.c **** * Global variables:
 174:.\Generated_Source\PSoC4/PWM_1_PM.c **** *  PWM_1_backup.pwmEnable:  Is used to restore the enable state of
 175:.\Generated_Source\PSoC4/PWM_1_PM.c **** *  block on wakeup from sleep mode.
 176:.\Generated_Source\PSoC4/PWM_1_PM.c **** *
 177:.\Generated_Source\PSoC4/PWM_1_PM.c **** *******************************************************************************/
 178:.\Generated_Source\PSoC4/PWM_1_PM.c **** void PWM_1_Wakeup(void) 
 179:.\Generated_Source\PSoC4/PWM_1_PM.c **** {
 150              		.loc 1 179 0
 151              		.cfi_startproc
 152 0000 08B5     		push	{r3, lr}
 153              		.cfi_def_cfa_offset 8
 154              		.cfi_offset 3, -8
 155              		.cfi_offset 14, -4
 180:.\Generated_Source\PSoC4/PWM_1_PM.c ****      /* Restore registers values */
 181:.\Generated_Source\PSoC4/PWM_1_PM.c ****     PWM_1_RestoreConfig();
 156              		.loc 1 181 0
 157 0002 FFF7FEFF 		bl	PWM_1_RestoreConfig
 158              	.LVL6:
 182:.\Generated_Source\PSoC4/PWM_1_PM.c **** 
 183:.\Generated_Source\PSoC4/PWM_1_PM.c ****     if(PWM_1_backup.PWMEnableState != 0u)
 159              		.loc 1 183 0
ARM GAS  C:\Users\mathias\AppData\Local\Temp\ccDoQigV.s 			page 7


 160 0006 034B     		ldr	r3, .L14
 161 0008 1B78     		ldrb	r3, [r3]
 162 000a 002B     		cmp	r3, #0
 163 000c 01D0     		beq	.L12
 184:.\Generated_Source\PSoC4/PWM_1_PM.c ****     {
 185:.\Generated_Source\PSoC4/PWM_1_PM.c ****         /* Enable component's operation */
 186:.\Generated_Source\PSoC4/PWM_1_PM.c ****         PWM_1_Enable();
 164              		.loc 1 186 0
 165 000e FFF7FEFF 		bl	PWM_1_Enable
 166              	.LVL7:
 167              	.L12:
 187:.\Generated_Source\PSoC4/PWM_1_PM.c ****     } /* Do nothing if component's block was disabled before */
 188:.\Generated_Source\PSoC4/PWM_1_PM.c **** 
 189:.\Generated_Source\PSoC4/PWM_1_PM.c **** }
 168              		.loc 1 189 0
 169              		@ sp needed
 170 0012 08BD     		pop	{r3, pc}
 171              	.L15:
 172              		.align	2
 173              	.L14:
 174 0014 00000000 		.word	.LANCHOR0
 175              		.cfi_endproc
 176              	.LFE3:
 177              		.size	PWM_1_Wakeup, .-PWM_1_Wakeup
 178              		.bss
 179              		.align	2
 180              		.set	.LANCHOR0,. + 0
 181              		.type	PWM_1_backup, %object
 182              		.size	PWM_1_backup, 4
 183              	PWM_1_backup:
 184 0000 00000000 		.space	4
 185              		.text
 186              	.Letext0:
 187              		.file 2 ".\\Generated_Source\\PSoC4\\cytypes.h"
 188              		.file 3 ".\\Generated_Source\\PSoC4\\PWM_1.h"
 189              		.section	.debug_info,"",%progbits
 190              	.Ldebug_info0:
 191 0000 DC010000 		.4byte	0x1dc
 192 0004 0400     		.2byte	0x4
 193 0006 00000000 		.4byte	.Ldebug_abbrev0
 194 000a 04       		.byte	0x4
 195 000b 01       		.uleb128 0x1
 196 000c C6010000 		.4byte	.LASF30
 197 0010 01       		.byte	0x1
 198 0011 27000000 		.4byte	.LASF31
 199 0015 4B000000 		.4byte	.LASF32
 200 0019 00000000 		.4byte	.Ldebug_ranges0+0
 201 001d 00000000 		.4byte	0
 202 0021 00000000 		.4byte	.Ldebug_line0
 203 0025 02       		.uleb128 0x2
 204 0026 01       		.byte	0x1
 205 0027 06       		.byte	0x6
 206 0028 7F020000 		.4byte	.LASF0
 207 002c 02       		.uleb128 0x2
 208 002d 01       		.byte	0x1
 209 002e 08       		.byte	0x8
 210 002f C1000000 		.4byte	.LASF1
ARM GAS  C:\Users\mathias\AppData\Local\Temp\ccDoQigV.s 			page 8


 211 0033 02       		.uleb128 0x2
 212 0034 02       		.byte	0x2
 213 0035 05       		.byte	0x5
 214 0036 B1000000 		.4byte	.LASF2
 215 003a 02       		.uleb128 0x2
 216 003b 02       		.byte	0x2
 217 003c 07       		.byte	0x7
 218 003d 81000000 		.4byte	.LASF3
 219 0041 02       		.uleb128 0x2
 220 0042 04       		.byte	0x4
 221 0043 05       		.byte	0x5
 222 0044 71020000 		.4byte	.LASF4
 223 0048 02       		.uleb128 0x2
 224 0049 04       		.byte	0x4
 225 004a 07       		.byte	0x7
 226 004b 1E010000 		.4byte	.LASF5
 227 004f 02       		.uleb128 0x2
 228 0050 08       		.byte	0x8
 229 0051 05       		.byte	0x5
 230 0052 83010000 		.4byte	.LASF6
 231 0056 02       		.uleb128 0x2
 232 0057 08       		.byte	0x8
 233 0058 07       		.byte	0x7
 234 0059 4A010000 		.4byte	.LASF7
 235 005d 03       		.uleb128 0x3
 236 005e 04       		.byte	0x4
 237 005f 05       		.byte	0x5
 238 0060 696E7400 		.ascii	"int\000"
 239 0064 02       		.uleb128 0x2
 240 0065 04       		.byte	0x4
 241 0066 07       		.byte	0x7
 242 0067 30010000 		.4byte	.LASF8
 243 006b 04       		.uleb128 0x4
 244 006c EB000000 		.4byte	.LASF12
 245 0070 02       		.byte	0x2
 246 0071 3801     		.2byte	0x138
 247 0073 2C000000 		.4byte	0x2c
 248 0077 02       		.uleb128 0x2
 249 0078 04       		.byte	0x4
 250 0079 04       		.byte	0x4
 251 007a BB000000 		.4byte	.LASF9
 252 007e 02       		.uleb128 0x2
 253 007f 08       		.byte	0x8
 254 0080 04       		.byte	0x4
 255 0081 04010000 		.4byte	.LASF10
 256 0085 02       		.uleb128 0x2
 257 0086 01       		.byte	0x1
 258 0087 08       		.byte	0x8
 259 0088 7A020000 		.4byte	.LASF11
 260 008c 04       		.uleb128 0x4
 261 008d 75010000 		.4byte	.LASF13
 262 0091 02       		.byte	0x2
 263 0092 E201     		.2byte	0x1e2
 264 0094 98000000 		.4byte	0x98
 265 0098 05       		.uleb128 0x5
 266 0099 6B000000 		.4byte	0x6b
 267 009d 02       		.uleb128 0x2
ARM GAS  C:\Users\mathias\AppData\Local\Temp\ccDoQigV.s 			page 9


 268 009e 04       		.byte	0x4
 269 009f 07       		.byte	0x7
 270 00a0 7A010000 		.4byte	.LASF14
 271 00a4 06       		.uleb128 0x6
 272 00a5 04       		.byte	0x4
 273 00a6 03       		.byte	0x3
 274 00a7 6B       		.byte	0x6b
 275 00a8 DD000000 		.4byte	0xdd
 276 00ac 07       		.uleb128 0x7
 277 00ad CF000000 		.4byte	.LASF15
 278 00b1 03       		.byte	0x3
 279 00b2 6E       		.byte	0x6e
 280 00b3 6B000000 		.4byte	0x6b
 281 00b7 00       		.byte	0
 282 00b8 07       		.uleb128 0x7
 283 00b9 0D000000 		.4byte	.LASF16
 284 00bd 03       		.byte	0x3
 285 00be 71       		.byte	0x71
 286 00bf 6B000000 		.4byte	0x6b
 287 00c3 01       		.byte	0x1
 288 00c4 07       		.uleb128 0x7
 289 00c5 8B020000 		.4byte	.LASF17
 290 00c9 03       		.byte	0x3
 291 00ca 76       		.byte	0x76
 292 00cb 6B000000 		.4byte	0x6b
 293 00cf 02       		.byte	0x2
 294 00d0 07       		.uleb128 0x7
 295 00d1 F1000000 		.4byte	.LASF18
 296 00d5 03       		.byte	0x3
 297 00d6 86       		.byte	0x86
 298 00d7 6B000000 		.4byte	0x6b
 299 00db 03       		.byte	0x3
 300 00dc 00       		.byte	0
 301 00dd 08       		.uleb128 0x8
 302 00de 0B010000 		.4byte	.LASF19
 303 00e2 03       		.byte	0x3
 304 00e3 8B       		.byte	0x8b
 305 00e4 A4000000 		.4byte	0xa4
 306 00e8 09       		.uleb128 0x9
 307 00e9 94000000 		.4byte	.LASF20
 308 00ed 01       		.byte	0x1
 309 00ee 2A       		.byte	0x2a
 310 00ef 00000000 		.4byte	.LFB0
 311 00f3 20000000 		.4byte	.LFE0-.LFB0
 312 00f7 01       		.uleb128 0x1
 313 00f8 9C       		.byte	0x9c
 314 00f9 10010000 		.4byte	0x110
 315 00fd 0A       		.uleb128 0xa
 316 00fe 06000000 		.4byte	.LVL0
 317 0102 99010000 		.4byte	0x199
 318 0106 0A       		.uleb128 0xa
 319 0107 14000000 		.4byte	.LVL1
 320 010b A4010000 		.4byte	0x1a4
 321 010f 00       		.byte	0
 322 0110 09       		.uleb128 0x9
 323 0111 61010000 		.4byte	.LASF21
 324 0115 01       		.byte	0x1
ARM GAS  C:\Users\mathias\AppData\Local\Temp\ccDoQigV.s 			page 10


 325 0116 58       		.byte	0x58
 326 0117 00000000 		.4byte	.LFB1
 327 011b 20000000 		.4byte	.LFE1-.LFB1
 328 011f 01       		.uleb128 0x1
 329 0120 9C       		.byte	0x9c
 330 0121 38010000 		.4byte	0x138
 331 0125 0A       		.uleb128 0xa
 332 0126 0A000000 		.4byte	.LVL2
 333 012a AF010000 		.4byte	0x1af
 334 012e 0A       		.uleb128 0xa
 335 012f 16000000 		.4byte	.LVL3
 336 0133 C0010000 		.4byte	0x1c0
 337 0137 00       		.byte	0
 338 0138 09       		.uleb128 0x9
 339 0139 A5000000 		.4byte	.LASF22
 340 013d 01       		.byte	0x1
 341 013e 88       		.byte	0x88
 342 013f 00000000 		.4byte	.LFB2
 343 0143 2C000000 		.4byte	.LFE2-.LFB2
 344 0147 01       		.uleb128 0x1
 345 0148 9C       		.byte	0x9c
 346 0149 60010000 		.4byte	0x160
 347 014d 0A       		.uleb128 0xa
 348 014e 1E000000 		.4byte	.LVL4
 349 0152 D1010000 		.4byte	0x1d1
 350 0156 0A       		.uleb128 0xa
 351 0157 22000000 		.4byte	.LVL5
 352 015b E8000000 		.4byte	0xe8
 353 015f 00       		.byte	0
 354 0160 09       		.uleb128 0x9
 355 0161 3D010000 		.4byte	.LASF23
 356 0165 01       		.byte	0x1
 357 0166 B2       		.byte	0xb2
 358 0167 00000000 		.4byte	.LFB3
 359 016b 18000000 		.4byte	.LFE3-.LFB3
 360 016f 01       		.uleb128 0x1
 361 0170 9C       		.byte	0x9c
 362 0171 88010000 		.4byte	0x188
 363 0175 0A       		.uleb128 0xa
 364 0176 06000000 		.4byte	.LVL6
 365 017a 10010000 		.4byte	0x110
 366 017e 0A       		.uleb128 0xa
 367 017f 12000000 		.4byte	.LVL7
 368 0183 D8010000 		.4byte	0x1d8
 369 0187 00       		.byte	0
 370 0188 0B       		.uleb128 0xb
 371 0189 DE000000 		.4byte	.LASF33
 372 018d 01       		.byte	0x1
 373 018e 14       		.byte	0x14
 374 018f DD000000 		.4byte	0xdd
 375 0193 05       		.uleb128 0x5
 376 0194 03       		.byte	0x3
 377 0195 00000000 		.4byte	PWM_1_backup
 378 0199 0C       		.uleb128 0xc
 379 019a 54020000 		.4byte	.LASF24
 380 019e 03       		.byte	0x3
 381 019f B3       		.byte	0xb3
ARM GAS  C:\Users\mathias\AppData\Local\Temp\ccDoQigV.s 			page 11


 382 01a0 6B000000 		.4byte	0x6b
 383 01a4 0C       		.uleb128 0xc
 384 01a5 91010000 		.4byte	.LASF25
 385 01a9 03       		.byte	0x3
 386 01aa 9D       		.byte	0x9d
 387 01ab 6B000000 		.4byte	0x6b
 388 01af 0D       		.uleb128 0xd
 389 01b0 14000000 		.4byte	.LASF26
 390 01b4 03       		.byte	0x3
 391 01b5 BA       		.byte	0xba
 392 01b6 C0010000 		.4byte	0x1c0
 393 01ba 0E       		.uleb128 0xe
 394 01bb 6B000000 		.4byte	0x6b
 395 01bf 00       		.byte	0
 396 01c0 0D       		.uleb128 0xd
 397 01c1 AB010000 		.4byte	.LASF27
 398 01c5 03       		.byte	0x3
 399 01c6 9E       		.byte	0x9e
 400 01c7 D1010000 		.4byte	0x1d1
 401 01cb 0E       		.uleb128 0xe
 402 01cc 6B000000 		.4byte	0x6b
 403 01d0 00       		.byte	0
 404 01d1 0F       		.uleb128 0xf
 405 01d2 66020000 		.4byte	.LASF28
 406 01d6 03       		.byte	0x3
 407 01d7 93       		.byte	0x93
 408 01d8 0F       		.uleb128 0xf
 409 01d9 00000000 		.4byte	.LASF29
 410 01dd 03       		.byte	0x3
 411 01de DB       		.byte	0xdb
 412 01df 00       		.byte	0
 413              		.section	.debug_abbrev,"",%progbits
 414              	.Ldebug_abbrev0:
 415 0000 01       		.uleb128 0x1
 416 0001 11       		.uleb128 0x11
 417 0002 01       		.byte	0x1
 418 0003 25       		.uleb128 0x25
 419 0004 0E       		.uleb128 0xe
 420 0005 13       		.uleb128 0x13
 421 0006 0B       		.uleb128 0xb
 422 0007 03       		.uleb128 0x3
 423 0008 0E       		.uleb128 0xe
 424 0009 1B       		.uleb128 0x1b
 425 000a 0E       		.uleb128 0xe
 426 000b 55       		.uleb128 0x55
 427 000c 17       		.uleb128 0x17
 428 000d 11       		.uleb128 0x11
 429 000e 01       		.uleb128 0x1
 430 000f 10       		.uleb128 0x10
 431 0010 17       		.uleb128 0x17
 432 0011 00       		.byte	0
 433 0012 00       		.byte	0
 434 0013 02       		.uleb128 0x2
 435 0014 24       		.uleb128 0x24
 436 0015 00       		.byte	0
 437 0016 0B       		.uleb128 0xb
 438 0017 0B       		.uleb128 0xb
ARM GAS  C:\Users\mathias\AppData\Local\Temp\ccDoQigV.s 			page 12


 439 0018 3E       		.uleb128 0x3e
 440 0019 0B       		.uleb128 0xb
 441 001a 03       		.uleb128 0x3
 442 001b 0E       		.uleb128 0xe
 443 001c 00       		.byte	0
 444 001d 00       		.byte	0
 445 001e 03       		.uleb128 0x3
 446 001f 24       		.uleb128 0x24
 447 0020 00       		.byte	0
 448 0021 0B       		.uleb128 0xb
 449 0022 0B       		.uleb128 0xb
 450 0023 3E       		.uleb128 0x3e
 451 0024 0B       		.uleb128 0xb
 452 0025 03       		.uleb128 0x3
 453 0026 08       		.uleb128 0x8
 454 0027 00       		.byte	0
 455 0028 00       		.byte	0
 456 0029 04       		.uleb128 0x4
 457 002a 16       		.uleb128 0x16
 458 002b 00       		.byte	0
 459 002c 03       		.uleb128 0x3
 460 002d 0E       		.uleb128 0xe
 461 002e 3A       		.uleb128 0x3a
 462 002f 0B       		.uleb128 0xb
 463 0030 3B       		.uleb128 0x3b
 464 0031 05       		.uleb128 0x5
 465 0032 49       		.uleb128 0x49
 466 0033 13       		.uleb128 0x13
 467 0034 00       		.byte	0
 468 0035 00       		.byte	0
 469 0036 05       		.uleb128 0x5
 470 0037 35       		.uleb128 0x35
 471 0038 00       		.byte	0
 472 0039 49       		.uleb128 0x49
 473 003a 13       		.uleb128 0x13
 474 003b 00       		.byte	0
 475 003c 00       		.byte	0
 476 003d 06       		.uleb128 0x6
 477 003e 13       		.uleb128 0x13
 478 003f 01       		.byte	0x1
 479 0040 0B       		.uleb128 0xb
 480 0041 0B       		.uleb128 0xb
 481 0042 3A       		.uleb128 0x3a
 482 0043 0B       		.uleb128 0xb
 483 0044 3B       		.uleb128 0x3b
 484 0045 0B       		.uleb128 0xb
 485 0046 01       		.uleb128 0x1
 486 0047 13       		.uleb128 0x13
 487 0048 00       		.byte	0
 488 0049 00       		.byte	0
 489 004a 07       		.uleb128 0x7
 490 004b 0D       		.uleb128 0xd
 491 004c 00       		.byte	0
 492 004d 03       		.uleb128 0x3
 493 004e 0E       		.uleb128 0xe
 494 004f 3A       		.uleb128 0x3a
 495 0050 0B       		.uleb128 0xb
ARM GAS  C:\Users\mathias\AppData\Local\Temp\ccDoQigV.s 			page 13


 496 0051 3B       		.uleb128 0x3b
 497 0052 0B       		.uleb128 0xb
 498 0053 49       		.uleb128 0x49
 499 0054 13       		.uleb128 0x13
 500 0055 38       		.uleb128 0x38
 501 0056 0B       		.uleb128 0xb
 502 0057 00       		.byte	0
 503 0058 00       		.byte	0
 504 0059 08       		.uleb128 0x8
 505 005a 16       		.uleb128 0x16
 506 005b 00       		.byte	0
 507 005c 03       		.uleb128 0x3
 508 005d 0E       		.uleb128 0xe
 509 005e 3A       		.uleb128 0x3a
 510 005f 0B       		.uleb128 0xb
 511 0060 3B       		.uleb128 0x3b
 512 0061 0B       		.uleb128 0xb
 513 0062 49       		.uleb128 0x49
 514 0063 13       		.uleb128 0x13
 515 0064 00       		.byte	0
 516 0065 00       		.byte	0
 517 0066 09       		.uleb128 0x9
 518 0067 2E       		.uleb128 0x2e
 519 0068 01       		.byte	0x1
 520 0069 3F       		.uleb128 0x3f
 521 006a 19       		.uleb128 0x19
 522 006b 03       		.uleb128 0x3
 523 006c 0E       		.uleb128 0xe
 524 006d 3A       		.uleb128 0x3a
 525 006e 0B       		.uleb128 0xb
 526 006f 3B       		.uleb128 0x3b
 527 0070 0B       		.uleb128 0xb
 528 0071 27       		.uleb128 0x27
 529 0072 19       		.uleb128 0x19
 530 0073 11       		.uleb128 0x11
 531 0074 01       		.uleb128 0x1
 532 0075 12       		.uleb128 0x12
 533 0076 06       		.uleb128 0x6
 534 0077 40       		.uleb128 0x40
 535 0078 18       		.uleb128 0x18
 536 0079 9742     		.uleb128 0x2117
 537 007b 19       		.uleb128 0x19
 538 007c 01       		.uleb128 0x1
 539 007d 13       		.uleb128 0x13
 540 007e 00       		.byte	0
 541 007f 00       		.byte	0
 542 0080 0A       		.uleb128 0xa
 543 0081 898201   		.uleb128 0x4109
 544 0084 00       		.byte	0
 545 0085 11       		.uleb128 0x11
 546 0086 01       		.uleb128 0x1
 547 0087 31       		.uleb128 0x31
 548 0088 13       		.uleb128 0x13
 549 0089 00       		.byte	0
 550 008a 00       		.byte	0
 551 008b 0B       		.uleb128 0xb
 552 008c 34       		.uleb128 0x34
ARM GAS  C:\Users\mathias\AppData\Local\Temp\ccDoQigV.s 			page 14


 553 008d 00       		.byte	0
 554 008e 03       		.uleb128 0x3
 555 008f 0E       		.uleb128 0xe
 556 0090 3A       		.uleb128 0x3a
 557 0091 0B       		.uleb128 0xb
 558 0092 3B       		.uleb128 0x3b
 559 0093 0B       		.uleb128 0xb
 560 0094 49       		.uleb128 0x49
 561 0095 13       		.uleb128 0x13
 562 0096 02       		.uleb128 0x2
 563 0097 18       		.uleb128 0x18
 564 0098 00       		.byte	0
 565 0099 00       		.byte	0
 566 009a 0C       		.uleb128 0xc
 567 009b 2E       		.uleb128 0x2e
 568 009c 00       		.byte	0
 569 009d 3F       		.uleb128 0x3f
 570 009e 19       		.uleb128 0x19
 571 009f 03       		.uleb128 0x3
 572 00a0 0E       		.uleb128 0xe
 573 00a1 3A       		.uleb128 0x3a
 574 00a2 0B       		.uleb128 0xb
 575 00a3 3B       		.uleb128 0x3b
 576 00a4 0B       		.uleb128 0xb
 577 00a5 27       		.uleb128 0x27
 578 00a6 19       		.uleb128 0x19
 579 00a7 49       		.uleb128 0x49
 580 00a8 13       		.uleb128 0x13
 581 00a9 3C       		.uleb128 0x3c
 582 00aa 19       		.uleb128 0x19
 583 00ab 00       		.byte	0
 584 00ac 00       		.byte	0
 585 00ad 0D       		.uleb128 0xd
 586 00ae 2E       		.uleb128 0x2e
 587 00af 01       		.byte	0x1
 588 00b0 3F       		.uleb128 0x3f
 589 00b1 19       		.uleb128 0x19
 590 00b2 03       		.uleb128 0x3
 591 00b3 0E       		.uleb128 0xe
 592 00b4 3A       		.uleb128 0x3a
 593 00b5 0B       		.uleb128 0xb
 594 00b6 3B       		.uleb128 0x3b
 595 00b7 0B       		.uleb128 0xb
 596 00b8 27       		.uleb128 0x27
 597 00b9 19       		.uleb128 0x19
 598 00ba 3C       		.uleb128 0x3c
 599 00bb 19       		.uleb128 0x19
 600 00bc 01       		.uleb128 0x1
 601 00bd 13       		.uleb128 0x13
 602 00be 00       		.byte	0
 603 00bf 00       		.byte	0
 604 00c0 0E       		.uleb128 0xe
 605 00c1 05       		.uleb128 0x5
 606 00c2 00       		.byte	0
 607 00c3 49       		.uleb128 0x49
 608 00c4 13       		.uleb128 0x13
 609 00c5 00       		.byte	0
ARM GAS  C:\Users\mathias\AppData\Local\Temp\ccDoQigV.s 			page 15


 610 00c6 00       		.byte	0
 611 00c7 0F       		.uleb128 0xf
 612 00c8 2E       		.uleb128 0x2e
 613 00c9 00       		.byte	0
 614 00ca 3F       		.uleb128 0x3f
 615 00cb 19       		.uleb128 0x19
 616 00cc 03       		.uleb128 0x3
 617 00cd 0E       		.uleb128 0xe
 618 00ce 3A       		.uleb128 0x3a
 619 00cf 0B       		.uleb128 0xb
 620 00d0 3B       		.uleb128 0x3b
 621 00d1 0B       		.uleb128 0xb
 622 00d2 27       		.uleb128 0x27
 623 00d3 19       		.uleb128 0x19
 624 00d4 3C       		.uleb128 0x3c
 625 00d5 19       		.uleb128 0x19
 626 00d6 00       		.byte	0
 627 00d7 00       		.byte	0
 628 00d8 00       		.byte	0
 629              		.section	.debug_aranges,"",%progbits
 630 0000 34000000 		.4byte	0x34
 631 0004 0200     		.2byte	0x2
 632 0006 00000000 		.4byte	.Ldebug_info0
 633 000a 04       		.byte	0x4
 634 000b 00       		.byte	0
 635 000c 0000     		.2byte	0
 636 000e 0000     		.2byte	0
 637 0010 00000000 		.4byte	.LFB0
 638 0014 20000000 		.4byte	.LFE0-.LFB0
 639 0018 00000000 		.4byte	.LFB1
 640 001c 20000000 		.4byte	.LFE1-.LFB1
 641 0020 00000000 		.4byte	.LFB2
 642 0024 2C000000 		.4byte	.LFE2-.LFB2
 643 0028 00000000 		.4byte	.LFB3
 644 002c 18000000 		.4byte	.LFE3-.LFB3
 645 0030 00000000 		.4byte	0
 646 0034 00000000 		.4byte	0
 647              		.section	.debug_ranges,"",%progbits
 648              	.Ldebug_ranges0:
 649 0000 00000000 		.4byte	.LFB0
 650 0004 20000000 		.4byte	.LFE0
 651 0008 00000000 		.4byte	.LFB1
 652 000c 20000000 		.4byte	.LFE1
 653 0010 00000000 		.4byte	.LFB2
 654 0014 2C000000 		.4byte	.LFE2
 655 0018 00000000 		.4byte	.LFB3
 656 001c 18000000 		.4byte	.LFE3
 657 0020 00000000 		.4byte	0
 658 0024 00000000 		.4byte	0
 659              		.section	.debug_line,"",%progbits
 660              	.Ldebug_line0:
 661 0000 AD000000 		.section	.debug_str,"MS",%progbits,1
 661      02005200 
 661      00000201 
 661      FB0E0D00 
 661      01010101 
 662              	.LASF29:
ARM GAS  C:\Users\mathias\AppData\Local\Temp\ccDoQigV.s 			page 16


 663 0000 50574D5F 		.ascii	"PWM_1_Enable\000"
 663      315F456E 
 663      61626C65 
 663      00
 664              	.LASF16:
 665 000d 50574D55 		.ascii	"PWMUdb\000"
 665      646200
 666              	.LASF26:
 667 0014 50574D5F 		.ascii	"PWM_1_WriteCounter\000"
 667      315F5772 
 667      69746543 
 667      6F756E74 
 667      657200
 668              	.LASF31:
 669 0027 2E5C4765 		.ascii	".\\Generated_Source\\PSoC4\\PWM_1_PM.c\000"
 669      6E657261 
 669      7465645F 
 669      536F7572 
 669      63655C50 
 670              	.LASF32:
 671 004b 433A5C55 		.ascii	"C:\\Users\\mathias\\Documents\\Workspace01\\Design0"
 671      73657273 
 671      5C6D6174 
 671      68696173 
 671      5C446F63 
 672 0079 312E6379 		.ascii	"1.cydsn\000"
 672      64736E00 
 673              	.LASF3:
 674 0081 73686F72 		.ascii	"short unsigned int\000"
 674      7420756E 
 674      7369676E 
 674      65642069 
 674      6E7400
 675              	.LASF20:
 676 0094 50574D5F 		.ascii	"PWM_1_SaveConfig\000"
 676      315F5361 
 676      7665436F 
 676      6E666967 
 676      00
 677              	.LASF22:
 678 00a5 50574D5F 		.ascii	"PWM_1_Sleep\000"
 678      315F536C 
 678      65657000 
 679              	.LASF2:
 680 00b1 73686F72 		.ascii	"short int\000"
 680      7420696E 
 680      7400
 681              	.LASF9:
 682 00bb 666C6F61 		.ascii	"float\000"
 682      7400
 683              	.LASF1:
 684 00c1 756E7369 		.ascii	"unsigned char\000"
 684      676E6564 
 684      20636861 
 684      7200
 685              	.LASF15:
 686 00cf 50574D45 		.ascii	"PWMEnableState\000"
ARM GAS  C:\Users\mathias\AppData\Local\Temp\ccDoQigV.s 			page 17


 686      6E61626C 
 686      65537461 
 686      746500
 687              	.LASF33:
 688 00de 50574D5F 		.ascii	"PWM_1_backup\000"
 688      315F6261 
 688      636B7570 
 688      00
 689              	.LASF12:
 690 00eb 75696E74 		.ascii	"uint8\000"
 690      3800
 691              	.LASF18:
 692 00f1 50574D43 		.ascii	"PWMControlRegister\000"
 692      6F6E7472 
 692      6F6C5265 
 692      67697374 
 692      657200
 693              	.LASF10:
 694 0104 646F7562 		.ascii	"double\000"
 694      6C6500
 695              	.LASF19:
 696 010b 50574D5F 		.ascii	"PWM_1_backupStruct\000"
 696      315F6261 
 696      636B7570 
 696      53747275 
 696      637400
 697              	.LASF5:
 698 011e 6C6F6E67 		.ascii	"long unsigned int\000"
 698      20756E73 
 698      69676E65 
 698      6420696E 
 698      7400
 699              	.LASF8:
 700 0130 756E7369 		.ascii	"unsigned int\000"
 700      676E6564 
 700      20696E74 
 700      00
 701              	.LASF23:
 702 013d 50574D5F 		.ascii	"PWM_1_Wakeup\000"
 702      315F5761 
 702      6B657570 
 702      00
 703              	.LASF7:
 704 014a 6C6F6E67 		.ascii	"long long unsigned int\000"
 704      206C6F6E 
 704      6720756E 
 704      7369676E 
 704      65642069 
 705              	.LASF21:
 706 0161 50574D5F 		.ascii	"PWM_1_RestoreConfig\000"
 706      315F5265 
 706      73746F72 
 706      65436F6E 
 706      66696700 
 707              	.LASF13:
 708 0175 72656738 		.ascii	"reg8\000"
 708      00
ARM GAS  C:\Users\mathias\AppData\Local\Temp\ccDoQigV.s 			page 18


 709              	.LASF14:
 710 017a 73697A65 		.ascii	"sizetype\000"
 710      74797065 
 710      00
 711              	.LASF6:
 712 0183 6C6F6E67 		.ascii	"long long int\000"
 712      206C6F6E 
 712      6720696E 
 712      7400
 713              	.LASF25:
 714 0191 50574D5F 		.ascii	"PWM_1_ReadControlRegister\000"
 714      315F5265 
 714      6164436F 
 714      6E74726F 
 714      6C526567 
 715              	.LASF27:
 716 01ab 50574D5F 		.ascii	"PWM_1_WriteControlRegister\000"
 716      315F5772 
 716      69746543 
 716      6F6E7472 
 716      6F6C5265 
 717              	.LASF30:
 718 01c6 474E5520 		.ascii	"GNU C 4.9.3 20150303 (release) [ARM/embedded-4_9-br"
 718      4320342E 
 718      392E3320 
 718      32303135 
 718      30333033 
 719 01f9 616E6368 		.ascii	"anch revision 221220] -mcpu=cortex-m0 -mthumb -g -O"
 719      20726576 
 719      6973696F 
 719      6E203232 
 719      31323230 
 720 022c 67202D66 		.ascii	"g -ffunction-sections -ffat-lto-objects\000"
 720      66756E63 
 720      74696F6E 
 720      2D736563 
 720      74696F6E 
 721              	.LASF24:
 722 0254 50574D5F 		.ascii	"PWM_1_ReadCounter\000"
 722      315F5265 
 722      6164436F 
 722      756E7465 
 722      7200
 723              	.LASF28:
 724 0266 50574D5F 		.ascii	"PWM_1_Stop\000"
 724      315F5374 
 724      6F7000
 725              	.LASF4:
 726 0271 6C6F6E67 		.ascii	"long int\000"
 726      20696E74 
 726      00
 727              	.LASF11:
 728 027a 63686172 		.ascii	"char\000"
 728      00
 729              	.LASF0:
 730 027f 7369676E 		.ascii	"signed char\000"
 730      65642063 
ARM GAS  C:\Users\mathias\AppData\Local\Temp\ccDoQigV.s 			page 19


 730      68617200 
 731              	.LASF17:
 732 028b 496E7465 		.ascii	"InterruptMaskValue\000"
 732      72727570 
 732      744D6173 
 732      6B56616C 
 732      756500
 733              		.ident	"GCC: (GNU Tools for ARM Embedded Processors) 4.9.3 20150303 (release) [ARM/embedded-4_9-br
