--------------- Rebuild Started: 12/10/2016 16:01:50 Project: Design01, Configuration: ARM GCC 4.9-2015-q1-update Debug ---------------
Deleting file ".\CortexM0\ARM_GCC_493\Debug\main.o"
Deleting file ".\CortexM0\ARM_GCC_493\Debug\regulering.o"
Deleting file ".\CortexM0\ARM_GCC_493\Debug\distance.o"
Deleting file ".\CortexM0\ARM_GCC_493\Debug\I2Cslave.o"
Deleting file ".\CortexM0\ARM_GCC_493\Debug\test.o"
Deleting file ".\CortexM0\ARM_GCC_493\Debug\cyfitter_cfg.o"
Deleting file ".\CortexM0\ARM_GCC_493\Debug\cymetadata.o"
Deleting file ".\CortexM0\ARM_GCC_493\Debug\Clock_1.o"
Deleting file ".\CortexM0\ARM_GCC_493\Debug\Pin_1.o"
Deleting file ".\CortexM0\ARM_GCC_493\Debug\Pin_1_PM.o"
Deleting file ".\CortexM0\ARM_GCC_493\Debug\Cm0Start.o"
Deleting file ".\CortexM0\ARM_GCC_493\Debug\CyBootAsmGnu.o"
Deleting file ".\CortexM0\ARM_GCC_493\Debug\CyFlash.o"
Deleting file ".\CortexM0\ARM_GCC_493\Debug\CyLib.o"
Deleting file ".\CortexM0\ARM_GCC_493\Debug\cyPm.o"
Deleting file ".\CortexM0\ARM_GCC_493\Debug\cyutils.o"
Deleting file ".\CortexM0\ARM_GCC_493\Debug\CyLFClk.o"
Deleting file ".\CortexM0\ARM_GCC_493\Debug\PWM_hojre.o"
Deleting file ".\CortexM0\ARM_GCC_493\Debug\PWM_hojre_PM.o"
Deleting file ".\CortexM0\ARM_GCC_493\Debug\PWM_RIGHT.o"
Deleting file ".\CortexM0\ARM_GCC_493\Debug\PWM_RIGHT_PM.o"
Deleting file ".\CortexM0\ARM_GCC_493\Debug\ADC.o"
Deleting file ".\CortexM0\ARM_GCC_493\Debug\ADC_PM.o"
Deleting file ".\CortexM0\ARM_GCC_493\Debug\ADC_INT.o"
Deleting file ".\CortexM0\ARM_GCC_493\Debug\Pin.o"
Deleting file ".\CortexM0\ARM_GCC_493\Debug\Pin_PM.o"
Deleting file ".\CortexM0\ARM_GCC_493\Debug\speedPin.o"
Deleting file ".\CortexM0\ARM_GCC_493\Debug\speedPin_PM.o"
Deleting file ".\CortexM0\ARM_GCC_493\Debug\PWM_venstre.o"
Deleting file ".\CortexM0\ARM_GCC_493\Debug\PWM_venstre_PM.o"
Deleting file ".\CortexM0\ARM_GCC_493\Debug\PWM_left.o"
Deleting file ".\CortexM0\ARM_GCC_493\Debug\PWM_left_PM.o"
Deleting file ".\CortexM0\ARM_GCC_493\Debug\ADC_IRQ.o"
Deleting file ".\CortexM0\ARM_GCC_493\Debug\ADC_intClock.o"
Deleting file ".\CortexM0\ARM_GCC_493\Debug\Echo.o"
Deleting file ".\CortexM0\ARM_GCC_493\Debug\Echo_PM.o"
Deleting file ".\CortexM0\ARM_GCC_493\Debug\Trig.o"
Deleting file ".\CortexM0\ARM_GCC_493\Debug\Trig_PM.o"
Deleting file ".\CortexM0\ARM_GCC_493\Debug\LED.o"
Deleting file ".\CortexM0\ARM_GCC_493\Debug\LED_PM.o"
Deleting file ".\CortexM0\ARM_GCC_493\Debug\Timer.o"
Deleting file ".\CortexM0\ARM_GCC_493\Debug\Timer_PM.o"
Deleting file ".\CortexM0\ARM_GCC_493\Debug\Clock.o"
Deleting file ".\CortexM0\ARM_GCC_493\Debug\ISR.o"
Deleting file ".\CortexM0\ARM_GCC_493\Debug\UART_print.o"
Deleting file ".\CortexM0\ARM_GCC_493\Debug\UART_print_SPI_UART.o"
Deleting file ".\CortexM0\ARM_GCC_493\Debug\UART_print_SPI_UART_INT.o"
Deleting file ".\CortexM0\ARM_GCC_493\Debug\UART_print_PM.o"
Deleting file ".\CortexM0\ARM_GCC_493\Debug\UART_print_UART.o"
Deleting file ".\CortexM0\ARM_GCC_493\Debug\UART_print_BOOT.o"
Deleting file ".\CortexM0\ARM_GCC_493\Debug\UART_print_UART_BOOT.o"
Deleting file ".\CortexM0\ARM_GCC_493\Debug\UART_print_SCBCLK.o"
Deleting file ".\CortexM0\ARM_GCC_493\Debug\UART_print_tx.o"
Deleting file ".\CortexM0\ARM_GCC_493\Debug\UART_print_tx_PM.o"
Deleting file ".\CortexM0\ARM_GCC_493\Debug\UART_print_rx.o"
Deleting file ".\CortexM0\ARM_GCC_493\Debug\UART_print_rx_PM.o"
Deleting file ".\CortexM0\ARM_GCC_493\Debug\I2C_1.o"
Deleting file ".\CortexM0\ARM_GCC_493\Debug\I2C_1_I2C_INT.o"
Deleting file ".\CortexM0\ARM_GCC_493\Debug\I2C_1_I2C.o"
Deleting file ".\CortexM0\ARM_GCC_493\Debug\I2C_1_I2C_BOOT.o"
Deleting file ".\CortexM0\ARM_GCC_493\Debug\I2C_1_I2C_SLAVE.o"
Deleting file ".\CortexM0\ARM_GCC_493\Debug\I2C_1_PM.o"
Deleting file ".\CortexM0\ARM_GCC_493\Debug\I2C_1_BOOT.o"
Deleting file ".\CortexM0\ARM_GCC_493\Debug\I2C_1_SCBCLK.o"
Deleting file ".\CortexM0\ARM_GCC_493\Debug\I2C_1_sda.o"
Deleting file ".\CortexM0\ARM_GCC_493\Debug\I2C_1_sda_PM.o"
Deleting file ".\CortexM0\ARM_GCC_493\Debug\I2C_1_scl.o"
Deleting file ".\CortexM0\ARM_GCC_493\Debug\I2C_1_scl_PM.o"
Deleting file ".\CortexM0\ARM_GCC_493\Debug\I2C_1_SCB_IRQ.o"
Deleting file ".\CortexM0\ARM_GCC_493\Debug\Design01.hex"
Deleting file ".\CortexM0\ARM_GCC_493\Debug\Design01.elf"
Deleting file ".\CortexM0\ARM_GCC_493\Debug\Design01.map"
Deleting file ".\Design01.cycdx"
Deleting file ".\Design01.svd"
Deleting file ".\Design01.rpt"
Deleting file ".\Design01_timing.html"
Deleting file ".\CortexM0\ARM_GCC_493\Debug\.deps\C_FILE.P"
Deleting file ".\CortexM0\ARM_GCC_493\Debug\.deps\ARM_C_FILE.P"
Deleting file ".\CortexM0\ARM_GCC_493\Debug\.deps\GNU_ARM_ASM_FILE.P"
cydsfit.exe -.appdatapath "C:\Users\PernilleLouise\AppData\Local\Cypress Semiconductor\PSoC Creator\3.3" -.fdsnotice -.fdswarpdepfile=warp_dependencies.txt -.fdselabdepfile=elab_dependencies.txt -.fdsbldfile=generated_files.txt -p "C:\Users\PernilleLouise\Documents\Elektro\4. semester\E4PRJ\Projekt\Workspace01\Design01.cydsn\Design01.cyprj" -d CY8C4245AXI-483 -s "C:\Users\PernilleLouise\Documents\Elektro\4. semester\E4PRJ\Projekt\Workspace01\Design01.cydsn\Generated_Source\PSoC4" -- -yv2 -q10 -ygs -o2 -v3 -.fftcfgtype=LE
Elaborating Design...
HDL Generation ...
Synthesis ...
Place and Route ...
Tech mapping ...
ADD: pft.M0040: information: The following 2 pin(s) will be assigned a location by the fitter: \I2C_1:scl(0)\, \I2C_1:sda(0)\
Analog Placement ...
Analog Routing ...
Analog Code Generation ...
Digital Placement ...
Digital Routing ...
Bitstream Generation ...
Static timing analysis ...
API Generation ...
Dependency Generation ...
Clean Temporary Files ...
arm-none-eabi-gcc.exe -mcpu=cortex-m0 -mthumb -Wno-main -I. -IGenerated_Source\PSoC4 -Wa,-alh=.\CortexM0\ARM_GCC_493\Debug/main.lst -g -D DEBUG -Wall -ffunction-sections -Og -ffat-lto-objects -c .\main.c -o .\CortexM0\ARM_GCC_493\Debug\main.o
arm-none-eabi-gcc.exe -mcpu=cortex-m0 -mthumb -Wno-main -I. -IGenerated_Source\PSoC4 -Wa,-alh=.\CortexM0\ARM_GCC_493\Debug/regulering.lst -g -D DEBUG -Wall -ffunction-sections -Og -ffat-lto-objects -c .\regulering.c -o .\CortexM0\ARM_GCC_493\Debug\regulering.o
arm-none-eabi-gcc.exe -mcpu=cortex-m0 -mthumb -Wno-main -I. -IGenerated_Source\PSoC4 -Wa,-alh=.\CortexM0\ARM_GCC_493\Debug/distance.lst -g -D DEBUG -Wall -ffunction-sections -Og -ffat-lto-objects -c .\distance.c -o .\CortexM0\ARM_GCC_493\Debug\distance.o
.\distance.c: In function 'distanceToObject':
.\distance.c:62:10: warning: unused variable 'test_string' [-Wunused-variable]
     char test_string[] = "Hello World\n\r"; 
          ^
arm-none-eabi-gcc.exe -mcpu=cortex-m0 -mthumb -Wno-main -I. -IGenerated_Source\PSoC4 -Wa,-alh=.\CortexM0\ARM_GCC_493\Debug/I2Cslave.lst -g -D DEBUG -Wall -ffunction-sections -Og -ffat-lto-objects -c .\I2Cslave.c -o .\CortexM0\ARM_GCC_493\Debug\I2Cslave.o
arm-none-eabi-gcc.exe -mcpu=cortex-m0 -mthumb -Wno-main -I. -IGenerated_Source\PSoC4 -Wa,-alh=.\CortexM0\ARM_GCC_493\Debug/test.lst -g -D DEBUG -Wall -ffunction-sections -Og -ffat-lto-objects -c .\test.c -o .\CortexM0\ARM_GCC_493\Debug\test.o
arm-none-eabi-gcc.exe -mcpu=cortex-m0 -mthumb -Wno-main -I. -IGenerated_Source\PSoC4 -Wa,-alh=.\CortexM0\ARM_GCC_493\Debug/cyfitter_cfg.lst -g -D DEBUG -Wall -ffunction-sections -Og -ffat-lto-objects -c .\Generated_Source\PSoC4\cyfitter_cfg.c -o .\CortexM0\ARM_GCC_493\Debug\cyfitter_cfg.o
arm-none-eabi-gcc.exe -mcpu=cortex-m0 -mthumb -Wno-main -I. -IGenerated_Source\PSoC4 -Wa,-alh=.\CortexM0\ARM_GCC_493\Debug/cymetadata.lst -g -D DEBUG -Wall -ffunction-sections -Og -ffat-lto-objects -c .\Generated_Source\PSoC4\cymetadata.c -o .\CortexM0\ARM_GCC_493\Debug\cymetadata.o
arm-none-eabi-gcc.exe -mcpu=cortex-m0 -mthumb -Wno-main -I. -IGenerated_Source\PSoC4 -Wa,-alh=.\CortexM0\ARM_GCC_493\Debug/Clock_1.lst -g -D DEBUG -Wall -ffunction-sections -Og -ffat-lto-objects -c .\Generated_Source\PSoC4\Clock_1.c -o .\CortexM0\ARM_GCC_493\Debug\Clock_1.o
arm-none-eabi-gcc.exe -mcpu=cortex-m0 -mthumb -Wno-main -I. -IGenerated_Source\PSoC4 -Wa,-alh=.\CortexM0\ARM_GCC_493\Debug/Pin_1.lst -g -D DEBUG -Wall -ffunction-sections -Og -ffat-lto-objects -c .\Generated_Source\PSoC4\Pin_1.c -o .\CortexM0\ARM_GCC_493\Debug\Pin_1.o
arm-none-eabi-gcc.exe -mcpu=cortex-m0 -mthumb -Wno-main -I. -IGenerated_Source\PSoC4 -Wa,-alh=.\CortexM0\ARM_GCC_493\Debug/Pin_1_PM.lst -g -D DEBUG -Wall -ffunction-sections -Og -ffat-lto-objects -c .\Generated_Source\PSoC4\Pin_1_PM.c -o .\CortexM0\ARM_GCC_493\Debug\Pin_1_PM.o
arm-none-eabi-gcc.exe -mcpu=cortex-m0 -mthumb -Wno-main -I. -IGenerated_Source\PSoC4 -Wa,-alh=.\CortexM0\ARM_GCC_493\Debug/Cm0Start.lst -g -D DEBUG -Wall -ffunction-sections -Og -ffat-lto-objects -c .\Generated_Source\PSoC4\Cm0Start.c -o .\CortexM0\ARM_GCC_493\Debug\Cm0Start.o
arm-none-eabi-as.exe -mcpu=cortex-m0 -mthumb -I. -IGenerated_Source\PSoC4 -alh=.\CortexM0\ARM_GCC_493\Debug/CyBootAsmGnu.lst -g -W -o .\CortexM0\ARM_GCC_493\Debug\CyBootAsmGnu.o .\Generated_Source\PSoC4\CyBootAsmGnu.s
arm-none-eabi-gcc.exe -mcpu=cortex-m0 -mthumb -Wno-main -I. -IGenerated_Source\PSoC4 -Wa,-alh=.\CortexM0\ARM_GCC_493\Debug/CyFlash.lst -g -D DEBUG -Wall -ffunction-sections -Og -ffat-lto-objects -c .\Generated_Source\PSoC4\CyFlash.c -o .\CortexM0\ARM_GCC_493\Debug\CyFlash.o
arm-none-eabi-gcc.exe -mcpu=cortex-m0 -mthumb -Wno-main -I. -IGenerated_Source\PSoC4 -Wa,-alh=.\CortexM0\ARM_GCC_493\Debug/CyLib.lst -g -D DEBUG -Wall -ffunction-sections -Og -ffat-lto-objects -c .\Generated_Source\PSoC4\CyLib.c -o .\CortexM0\ARM_GCC_493\Debug\CyLib.o
arm-none-eabi-gcc.exe -mcpu=cortex-m0 -mthumb -Wno-main -I. -IGenerated_Source\PSoC4 -Wa,-alh=.\CortexM0\ARM_GCC_493\Debug/cyPm.lst -g -D DEBUG -Wall -ffunction-sections -Og -ffat-lto-objects -c .\Generated_Source\PSoC4\cyPm.c -o .\CortexM0\ARM_GCC_493\Debug\cyPm.o
arm-none-eabi-gcc.exe -mcpu=cortex-m0 -mthumb -Wno-main -I. -IGenerated_Source\PSoC4 -Wa,-alh=.\CortexM0\ARM_GCC_493\Debug/cyutils.lst -g -D DEBUG -Wall -ffunction-sections -Og -ffat-lto-objects -c .\Generated_Source\PSoC4\cyutils.c -o .\CortexM0\ARM_GCC_493\Debug\cyutils.o
arm-none-eabi-gcc.exe -mcpu=cortex-m0 -mthumb -Wno-main -I. -IGenerated_Source\PSoC4 -Wa,-alh=.\CortexM0\ARM_GCC_493\Debug/CyLFClk.lst -g -D DEBUG -Wall -ffunction-sections -Og -ffat-lto-objects -c .\Generated_Source\PSoC4\CyLFClk.c -o .\CortexM0\ARM_GCC_493\Debug\CyLFClk.o
arm-none-eabi-gcc.exe -mcpu=cortex-m0 -mthumb -Wno-main -I. -IGenerated_Source\PSoC4 -Wa,-alh=.\CortexM0\ARM_GCC_493\Debug/PWM_hojre.lst -g -D DEBUG -Wall -ffunction-sections -Og -ffat-lto-objects -c .\Generated_Source\PSoC4\PWM_hojre.c -o .\CortexM0\ARM_GCC_493\Debug\PWM_hojre.o
arm-none-eabi-gcc.exe -mcpu=cortex-m0 -mthumb -Wno-main -I. -IGenerated_Source\PSoC4 -Wa,-alh=.\CortexM0\ARM_GCC_493\Debug/PWM_hojre_PM.lst -g -D DEBUG -Wall -ffunction-sections -Og -ffat-lto-objects -c .\Generated_Source\PSoC4\PWM_hojre_PM.c -o .\CortexM0\ARM_GCC_493\Debug\PWM_hojre_PM.o
arm-none-eabi-gcc.exe -mcpu=cortex-m0 -mthumb -Wno-main -I. -IGenerated_Source\PSoC4 -Wa,-alh=.\CortexM0\ARM_GCC_493\Debug/PWM_RIGHT.lst -g -D DEBUG -Wall -ffunction-sections -Og -ffat-lto-objects -c .\Generated_Source\PSoC4\PWM_RIGHT.c -o .\CortexM0\ARM_GCC_493\Debug\PWM_RIGHT.o
arm-none-eabi-gcc.exe -mcpu=cortex-m0 -mthumb -Wno-main -I. -IGenerated_Source\PSoC4 -Wa,-alh=.\CortexM0\ARM_GCC_493\Debug/PWM_RIGHT_PM.lst -g -D DEBUG -Wall -ffunction-sections -Og -ffat-lto-objects -c .\Generated_Source\PSoC4\PWM_RIGHT_PM.c -o .\CortexM0\ARM_GCC_493\Debug\PWM_RIGHT_PM.o
arm-none-eabi-gcc.exe -mcpu=cortex-m0 -mthumb -Wno-main -I. -IGenerated_Source\PSoC4 -Wa,-alh=.\CortexM0\ARM_GCC_493\Debug/ADC.lst -g -D DEBUG -Wall -ffunction-sections -Og -ffat-lto-objects -c .\Generated_Source\PSoC4\ADC.c -o .\CortexM0\ARM_GCC_493\Debug\ADC.o
arm-none-eabi-gcc.exe -mcpu=cortex-m0 -mthumb -Wno-main -I. -IGenerated_Source\PSoC4 -Wa,-alh=.\CortexM0\ARM_GCC_493\Debug/ADC_PM.lst -g -D DEBUG -Wall -ffunction-sections -Og -ffat-lto-objects -c .\Generated_Source\PSoC4\ADC_PM.c -o .\CortexM0\ARM_GCC_493\Debug\ADC_PM.o
arm-none-eabi-gcc.exe -mcpu=cortex-m0 -mthumb -Wno-main -I. -IGenerated_Source\PSoC4 -Wa,-alh=.\CortexM0\ARM_GCC_493\Debug/ADC_INT.lst -g -D DEBUG -Wall -ffunction-sections -Og -ffat-lto-objects -c .\Generated_Source\PSoC4\ADC_INT.c -o .\CortexM0\ARM_GCC_493\Debug\ADC_INT.o
arm-none-eabi-gcc.exe -mcpu=cortex-m0 -mthumb -Wno-main -I. -IGenerated_Source\PSoC4 -Wa,-alh=.\CortexM0\ARM_GCC_493\Debug/Pin.lst -g -D DEBUG -Wall -ffunction-sections -Og -ffat-lto-objects -c .\Generated_Source\PSoC4\Pin.c -o .\CortexM0\ARM_GCC_493\Debug\Pin.o
arm-none-eabi-gcc.exe -mcpu=cortex-m0 -mthumb -Wno-main -I. -IGenerated_Source\PSoC4 -Wa,-alh=.\CortexM0\ARM_GCC_493\Debug/Pin_PM.lst -g -D DEBUG -Wall -ffunction-sections -Og -ffat-lto-objects -c .\Generated_Source\PSoC4\Pin_PM.c -o .\CortexM0\ARM_GCC_493\Debug\Pin_PM.o
arm-none-eabi-gcc.exe -mcpu=cortex-m0 -mthumb -Wno-main -I. -IGenerated_Source\PSoC4 -Wa,-alh=.\CortexM0\ARM_GCC_493\Debug/speedPin.lst -g -D DEBUG -Wall -ffunction-sections -Og -ffat-lto-objects -c .\Generated_Source\PSoC4\speedPin.c -o .\CortexM0\ARM_GCC_493\Debug\speedPin.o
arm-none-eabi-gcc.exe -mcpu=cortex-m0 -mthumb -Wno-main -I. -IGenerated_Source\PSoC4 -Wa,-alh=.\CortexM0\ARM_GCC_493\Debug/speedPin_PM.lst -g -D DEBUG -Wall -ffunction-sections -Og -ffat-lto-objects -c .\Generated_Source\PSoC4\speedPin_PM.c -o .\CortexM0\ARM_GCC_493\Debug\speedPin_PM.o
arm-none-eabi-gcc.exe -mcpu=cortex-m0 -mthumb -Wno-main -I. -IGenerated_Source\PSoC4 -Wa,-alh=.\CortexM0\ARM_GCC_493\Debug/PWM_venstre.lst -g -D DEBUG -Wall -ffunction-sections -Og -ffat-lto-objects -c .\Generated_Source\PSoC4\PWM_venstre.c -o .\CortexM0\ARM_GCC_493\Debug\PWM_venstre.o
arm-none-eabi-gcc.exe -mcpu=cortex-m0 -mthumb -Wno-main -I. -IGenerated_Source\PSoC4 -Wa,-alh=.\CortexM0\ARM_GCC_493\Debug/PWM_venstre_PM.lst -g -D DEBUG -Wall -ffunction-sections -Og -ffat-lto-objects -c .\Generated_Source\PSoC4\PWM_venstre_PM.c -o .\CortexM0\ARM_GCC_493\Debug\PWM_venstre_PM.o
arm-none-eabi-gcc.exe -mcpu=cortex-m0 -mthumb -Wno-main -I. -IGenerated_Source\PSoC4 -Wa,-alh=.\CortexM0\ARM_GCC_493\Debug/PWM_left.lst -g -D DEBUG -Wall -ffunction-sections -Og -ffat-lto-objects -c .\Generated_Source\PSoC4\PWM_left.c -o .\CortexM0\ARM_GCC_493\Debug\PWM_left.o
arm-none-eabi-gcc.exe -mcpu=cortex-m0 -mthumb -Wno-main -I. -IGenerated_Source\PSoC4 -Wa,-alh=.\CortexM0\ARM_GCC_493\Debug/PWM_left_PM.lst -g -D DEBUG -Wall -ffunction-sections -Og -ffat-lto-objects -c .\Generated_Source\PSoC4\PWM_left_PM.c -o .\CortexM0\ARM_GCC_493\Debug\PWM_left_PM.o
arm-none-eabi-gcc.exe -mcpu=cortex-m0 -mthumb -Wno-main -I. -IGenerated_Source\PSoC4 -Wa,-alh=.\CortexM0\ARM_GCC_493\Debug/ADC_IRQ.lst -g -D DEBUG -Wall -ffunction-sections -Og -ffat-lto-objects -c .\Generated_Source\PSoC4\ADC_IRQ.c -o .\CortexM0\ARM_GCC_493\Debug\ADC_IRQ.o
arm-none-eabi-gcc.exe -mcpu=cortex-m0 -mthumb -Wno-main -I. -IGenerated_Source\PSoC4 -Wa,-alh=.\CortexM0\ARM_GCC_493\Debug/ADC_intClock.lst -g -D DEBUG -Wall -ffunction-sections -Og -ffat-lto-objects -c .\Generated_Source\PSoC4\ADC_intClock.c -o .\CortexM0\ARM_GCC_493\Debug\ADC_intClock.o
arm-none-eabi-gcc.exe -mcpu=cortex-m0 -mthumb -Wno-main -I. -IGenerated_Source\PSoC4 -Wa,-alh=.\CortexM0\ARM_GCC_493\Debug/Echo.lst -g -D DEBUG -Wall -ffunction-sections -Og -ffat-lto-objects -c .\Generated_Source\PSoC4\Echo.c -o .\CortexM0\ARM_GCC_493\Debug\Echo.o
arm-none-eabi-gcc.exe -mcpu=cortex-m0 -mthumb -Wno-main -I. -IGenerated_Source\PSoC4 -Wa,-alh=.\CortexM0\ARM_GCC_493\Debug/Echo_PM.lst -g -D DEBUG -Wall -ffunction-sections -Og -ffat-lto-objects -c .\Generated_Source\PSoC4\Echo_PM.c -o .\CortexM0\ARM_GCC_493\Debug\Echo_PM.o
arm-none-eabi-gcc.exe -mcpu=cortex-m0 -mthumb -Wno-main -I. -IGenerated_Source\PSoC4 -Wa,-alh=.\CortexM0\ARM_GCC_493\Debug/Trig.lst -g -D DEBUG -Wall -ffunction-sections -Og -ffat-lto-objects -c .\Generated_Source\PSoC4\Trig.c -o .\CortexM0\ARM_GCC_493\Debug\Trig.o
arm-none-eabi-gcc.exe -mcpu=cortex-m0 -mthumb -Wno-main -I. -IGenerated_Source\PSoC4 -Wa,-alh=.\CortexM0\ARM_GCC_493\Debug/Trig_PM.lst -g -D DEBUG -Wall -ffunction-sections -Og -ffat-lto-objects -c .\Generated_Source\PSoC4\Trig_PM.c -o .\CortexM0\ARM_GCC_493\Debug\Trig_PM.o
arm-none-eabi-gcc.exe -mcpu=cortex-m0 -mthumb -Wno-main -I. -IGenerated_Source\PSoC4 -Wa,-alh=.\CortexM0\ARM_GCC_493\Debug/LED.lst -g -D DEBUG -Wall -ffunction-sections -Og -ffat-lto-objects -c .\Generated_Source\PSoC4\LED.c -o .\CortexM0\ARM_GCC_493\Debug\LED.o
arm-none-eabi-gcc.exe -mcpu=cortex-m0 -mthumb -Wno-main -I. -IGenerated_Source\PSoC4 -Wa,-alh=.\CortexM0\ARM_GCC_493\Debug/LED_PM.lst -g -D DEBUG -Wall -ffunction-sections -Og -ffat-lto-objects -c .\Generated_Source\PSoC4\LED_PM.c -o .\CortexM0\ARM_GCC_493\Debug\LED_PM.o
arm-none-eabi-gcc.exe -mcpu=cortex-m0 -mthumb -Wno-main -I. -IGenerated_Source\PSoC4 -Wa,-alh=.\CortexM0\ARM_GCC_493\Debug/Timer.lst -g -D DEBUG -Wall -ffunction-sections -Og -ffat-lto-objects -c .\Generated_Source\PSoC4\Timer.c -o .\CortexM0\ARM_GCC_493\Debug\Timer.o
arm-none-eabi-gcc.exe -mcpu=cortex-m0 -mthumb -Wno-main -I. -IGenerated_Source\PSoC4 -Wa,-alh=.\CortexM0\ARM_GCC_493\Debug/Timer_PM.lst -g -D DEBUG -Wall -ffunction-sections -Og -ffat-lto-objects -c .\Generated_Source\PSoC4\Timer_PM.c -o .\CortexM0\ARM_GCC_493\Debug\Timer_PM.o
arm-none-eabi-gcc.exe -mcpu=cortex-m0 -mthumb -Wno-main -I. -IGenerated_Source\PSoC4 -Wa,-alh=.\CortexM0\ARM_GCC_493\Debug/Clock.lst -g -D DEBUG -Wall -ffunction-sections -Og -ffat-lto-objects -c .\Generated_Source\PSoC4\Clock.c -o .\CortexM0\ARM_GCC_493\Debug\Clock.o
arm-none-eabi-gcc.exe -mcpu=cortex-m0 -mthumb -Wno-main -I. -IGenerated_Source\PSoC4 -Wa,-alh=.\CortexM0\ARM_GCC_493\Debug/ISR.lst -g -D DEBUG -Wall -ffunction-sections -Og -ffat-lto-objects -c .\Generated_Source\PSoC4\ISR.c -o .\CortexM0\ARM_GCC_493\Debug\ISR.o
arm-none-eabi-gcc.exe -mcpu=cortex-m0 -mthumb -Wno-main -I. -IGenerated_Source\PSoC4 -Wa,-alh=.\CortexM0\ARM_GCC_493\Debug/UART_print.lst -g -D DEBUG -Wall -ffunction-sections -Og -ffat-lto-objects -c .\Generated_Source\PSoC4\UART_print.c -o .\CortexM0\ARM_GCC_493\Debug\UART_print.o
arm-none-eabi-gcc.exe -mcpu=cortex-m0 -mthumb -Wno-main -I. -IGenerated_Source\PSoC4 -Wa,-alh=.\CortexM0\ARM_GCC_493\Debug/UART_print_SPI_UART.lst -g -D DEBUG -Wall -ffunction-sections -Og -ffat-lto-objects -c .\Generated_Source\PSoC4\UART_print_SPI_UART.c -o .\CortexM0\ARM_GCC_493\Debug\UART_print_SPI_UART.o
arm-none-eabi-gcc.exe -mcpu=cortex-m0 -mthumb -Wno-main -I. -IGenerated_Source\PSoC4 -Wa,-alh=.\CortexM0\ARM_GCC_493\Debug/UART_print_SPI_UART_INT.lst -g -D DEBUG -Wall -ffunction-sections -Og -ffat-lto-objects -c .\Generated_Source\PSoC4\UART_print_SPI_UART_INT.c -o .\CortexM0\ARM_GCC_493\Debug\UART_print_SPI_UART_INT.o
arm-none-eabi-gcc.exe -mcpu=cortex-m0 -mthumb -Wno-main -I. -IGenerated_Source\PSoC4 -Wa,-alh=.\CortexM0\ARM_GCC_493\Debug/UART_print_PM.lst -g -D DEBUG -Wall -ffunction-sections -Og -ffat-lto-objects -c .\Generated_Source\PSoC4\UART_print_PM.c -o .\CortexM0\ARM_GCC_493\Debug\UART_print_PM.o
arm-none-eabi-gcc.exe -mcpu=cortex-m0 -mthumb -Wno-main -I. -IGenerated_Source\PSoC4 -Wa,-alh=.\CortexM0\ARM_GCC_493\Debug/UART_print_UART.lst -g -D DEBUG -Wall -ffunction-sections -Og -ffat-lto-objects -c .\Generated_Source\PSoC4\UART_print_UART.c -o .\CortexM0\ARM_GCC_493\Debug\UART_print_UART.o
arm-none-eabi-gcc.exe -mcpu=cortex-m0 -mthumb -Wno-main -I. -IGenerated_Source\PSoC4 -Wa,-alh=.\CortexM0\ARM_GCC_493\Debug/UART_print_BOOT.lst -g -D DEBUG -Wall -ffunction-sections -Og -ffat-lto-objects -c .\Generated_Source\PSoC4\UART_print_BOOT.c -o .\CortexM0\ARM_GCC_493\Debug\UART_print_BOOT.o
arm-none-eabi-gcc.exe -mcpu=cortex-m0 -mthumb -Wno-main -I. -IGenerated_Source\PSoC4 -Wa,-alh=.\CortexM0\ARM_GCC_493\Debug/UART_print_UART_BOOT.lst -g -D DEBUG -Wall -ffunction-sections -Og -ffat-lto-objects -c .\Generated_Source\PSoC4\UART_print_UART_BOOT.c -o .\CortexM0\ARM_GCC_493\Debug\UART_print_UART_BOOT.o
arm-none-eabi-gcc.exe -mcpu=cortex-m0 -mthumb -Wno-main -I. -IGenerated_Source\PSoC4 -Wa,-alh=.\CortexM0\ARM_GCC_493\Debug/UART_print_SCBCLK.lst -g -D DEBUG -Wall -ffunction-sections -Og -ffat-lto-objects -c .\Generated_Source\PSoC4\UART_print_SCBCLK.c -o .\CortexM0\ARM_GCC_493\Debug\UART_print_SCBCLK.o
arm-none-eabi-gcc.exe -mcpu=cortex-m0 -mthumb -Wno-main -I. -IGenerated_Source\PSoC4 -Wa,-alh=.\CortexM0\ARM_GCC_493\Debug/UART_print_tx.lst -g -D DEBUG -Wall -ffunction-sections -Og -ffat-lto-objects -c .\Generated_Source\PSoC4\UART_print_tx.c -o .\CortexM0\ARM_GCC_493\Debug\UART_print_tx.o
arm-none-eabi-gcc.exe -mcpu=cortex-m0 -mthumb -Wno-main -I. -IGenerated_Source\PSoC4 -Wa,-alh=.\CortexM0\ARM_GCC_493\Debug/UART_print_tx_PM.lst -g -D DEBUG -Wall -ffunction-sections -Og -ffat-lto-objects -c .\Generated_Source\PSoC4\UART_print_tx_PM.c -o .\CortexM0\ARM_GCC_493\Debug\UART_print_tx_PM.o
arm-none-eabi-gcc.exe -mcpu=cortex-m0 -mthumb -Wno-main -I. -IGenerated_Source\PSoC4 -Wa,-alh=.\CortexM0\ARM_GCC_493\Debug/UART_print_rx.lst -g -D DEBUG -Wall -ffunction-sections -Og -ffat-lto-objects -c .\Generated_Source\PSoC4\UART_print_rx.c -o .\CortexM0\ARM_GCC_493\Debug\UART_print_rx.o
arm-none-eabi-gcc.exe -mcpu=cortex-m0 -mthumb -Wno-main -I. -IGenerated_Source\PSoC4 -Wa,-alh=.\CortexM0\ARM_GCC_493\Debug/UART_print_rx_PM.lst -g -D DEBUG -Wall -ffunction-sections -Og -ffat-lto-objects -c .\Generated_Source\PSoC4\UART_print_rx_PM.c -o .\CortexM0\ARM_GCC_493\Debug\UART_print_rx_PM.o
arm-none-eabi-gcc.exe -mcpu=cortex-m0 -mthumb -Wno-main -I. -IGenerated_Source\PSoC4 -Wa,-alh=.\CortexM0\ARM_GCC_493\Debug/I2C_1.lst -g -D DEBUG -Wall -ffunction-sections -Og -ffat-lto-objects -c .\Generated_Source\PSoC4\I2C_1.c -o .\CortexM0\ARM_GCC_493\Debug\I2C_1.o
arm-none-eabi-gcc.exe -mcpu=cortex-m0 -mthumb -Wno-main -I. -IGenerated_Source\PSoC4 -Wa,-alh=.\CortexM0\ARM_GCC_493\Debug/I2C_1_I2C_INT.lst -g -D DEBUG -Wall -ffunction-sections -Og -ffat-lto-objects -c .\Generated_Source\PSoC4\I2C_1_I2C_INT.c -o .\CortexM0\ARM_GCC_493\Debug\I2C_1_I2C_INT.o
arm-none-eabi-gcc.exe -mcpu=cortex-m0 -mthumb -Wno-main -I. -IGenerated_Source\PSoC4 -Wa,-alh=.\CortexM0\ARM_GCC_493\Debug/I2C_1_I2C.lst -g -D DEBUG -Wall -ffunction-sections -Og -ffat-lto-objects -c .\Generated_Source\PSoC4\I2C_1_I2C.c -o .\CortexM0\ARM_GCC_493\Debug\I2C_1_I2C.o
arm-none-eabi-gcc.exe -mcpu=cortex-m0 -mthumb -Wno-main -I. -IGenerated_Source\PSoC4 -Wa,-alh=.\CortexM0\ARM_GCC_493\Debug/I2C_1_I2C_BOOT.lst -g -D DEBUG -Wall -ffunction-sections -Og -ffat-lto-objects -c .\Generated_Source\PSoC4\I2C_1_I2C_BOOT.c -o .\CortexM0\ARM_GCC_493\Debug\I2C_1_I2C_BOOT.o
arm-none-eabi-gcc.exe -mcpu=cortex-m0 -mthumb -Wno-main -I. -IGenerated_Source\PSoC4 -Wa,-alh=.\CortexM0\ARM_GCC_493\Debug/I2C_1_I2C_SLAVE.lst -g -D DEBUG -Wall -ffunction-sections -Og -ffat-lto-objects -c .\Generated_Source\PSoC4\I2C_1_I2C_SLAVE.c -o .\CortexM0\ARM_GCC_493\Debug\I2C_1_I2C_SLAVE.o
arm-none-eabi-gcc.exe -mcpu=cortex-m0 -mthumb -Wno-main -I. -IGenerated_Source\PSoC4 -Wa,-alh=.\CortexM0\ARM_GCC_493\Debug/I2C_1_PM.lst -g -D DEBUG -Wall -ffunction-sections -Og -ffat-lto-objects -c .\Generated_Source\PSoC4\I2C_1_PM.c -o .\CortexM0\ARM_GCC_493\Debug\I2C_1_PM.o
arm-none-eabi-gcc.exe -mcpu=cortex-m0 -mthumb -Wno-main -I. -IGenerated_Source\PSoC4 -Wa,-alh=.\CortexM0\ARM_GCC_493\Debug/I2C_1_BOOT.lst -g -D DEBUG -Wall -ffunction-sections -Og -ffat-lto-objects -c .\Generated_Source\PSoC4\I2C_1_BOOT.c -o .\CortexM0\ARM_GCC_493\Debug\I2C_1_BOOT.o
arm-none-eabi-gcc.exe -mcpu=cortex-m0 -mthumb -Wno-main -I. -IGenerated_Source\PSoC4 -Wa,-alh=.\CortexM0\ARM_GCC_493\Debug/I2C_1_SCBCLK.lst -g -D DEBUG -Wall -ffunction-sections -Og -ffat-lto-objects -c .\Generated_Source\PSoC4\I2C_1_SCBCLK.c -o .\CortexM0\ARM_GCC_493\Debug\I2C_1_SCBCLK.o
arm-none-eabi-gcc.exe -mcpu=cortex-m0 -mthumb -Wno-main -I. -IGenerated_Source\PSoC4 -Wa,-alh=.\CortexM0\ARM_GCC_493\Debug/I2C_1_sda.lst -g -D DEBUG -Wall -ffunction-sections -Og -ffat-lto-objects -c .\Generated_Source\PSoC4\I2C_1_sda.c -o .\CortexM0\ARM_GCC_493\Debug\I2C_1_sda.o
arm-none-eabi-gcc.exe -mcpu=cortex-m0 -mthumb -Wno-main -I. -IGenerated_Source\PSoC4 -Wa,-alh=.\CortexM0\ARM_GCC_493\Debug/I2C_1_sda_PM.lst -g -D DEBUG -Wall -ffunction-sections -Og -ffat-lto-objects -c .\Generated_Source\PSoC4\I2C_1_sda_PM.c -o .\CortexM0\ARM_GCC_493\Debug\I2C_1_sda_PM.o
arm-none-eabi-gcc.exe -mcpu=cortex-m0 -mthumb -Wno-main -I. -IGenerated_Source\PSoC4 -Wa,-alh=.\CortexM0\ARM_GCC_493\Debug/I2C_1_scl.lst -g -D DEBUG -Wall -ffunction-sections -Og -ffat-lto-objects -c .\Generated_Source\PSoC4\I2C_1_scl.c -o .\CortexM0\ARM_GCC_493\Debug\I2C_1_scl.o
arm-none-eabi-gcc.exe -mcpu=cortex-m0 -mthumb -Wno-main -I. -IGenerated_Source\PSoC4 -Wa,-alh=.\CortexM0\ARM_GCC_493\Debug/I2C_1_scl_PM.lst -g -D DEBUG -Wall -ffunction-sections -Og -ffat-lto-objects -c .\Generated_Source\PSoC4\I2C_1_scl_PM.c -o .\CortexM0\ARM_GCC_493\Debug\I2C_1_scl_PM.o
arm-none-eabi-gcc.exe -mcpu=cortex-m0 -mthumb -Wno-main -I. -IGenerated_Source\PSoC4 -Wa,-alh=.\CortexM0\ARM_GCC_493\Debug/I2C_1_SCB_IRQ.lst -g -D DEBUG -Wall -ffunction-sections -Og -ffat-lto-objects -c .\Generated_Source\PSoC4\I2C_1_SCB_IRQ.c -o .\CortexM0\ARM_GCC_493\Debug\I2C_1_SCB_IRQ.o
arm-none-eabi-ar.exe -rs .\CortexM0\ARM_GCC_493\Debug\Design01.a .\CortexM0\ARM_GCC_493\Debug\cyfitter_cfg.o .\CortexM0\ARM_GCC_493\Debug\Clock_1.o .\CortexM0\ARM_GCC_493\Debug\Pin_1.o .\CortexM0\ARM_GCC_493\Debug\Pin_1_PM.o .\CortexM0\ARM_GCC_493\Debug\CyBootAsmGnu.o .\CortexM0\ARM_GCC_493\Debug\CyFlash.o .\CortexM0\ARM_GCC_493\Debug\CyLib.o .\CortexM0\ARM_GCC_493\Debug\cyPm.o .\CortexM0\ARM_GCC_493\Debug\cyutils.o .\CortexM0\ARM_GCC_493\Debug\CyLFClk.o .\CortexM0\ARM_GCC_493\Debug\PWM_hojre.o .\CortexM0\ARM_GCC_493\Debug\PWM_hojre_PM.o .\CortexM0\ARM_GCC_493\Debug\PWM_RIGHT.o .\CortexM0\ARM_GCC_493\Debug\PWM_RIGHT_PM.o .\CortexM0\ARM_GCC_493\Debug\ADC.o .\CortexM0\ARM_GCC_493\Debug\ADC_PM.o .\CortexM0\ARM_GCC_493\Debug\ADC_INT.o .\CortexM0\ARM_GCC_493\Debug\Pin.o .\CortexM0\ARM_GCC_493\Debug\Pin_PM.o .\CortexM0\ARM_GCC_493\Debug\speedPin.o .\CortexM0\ARM_GCC_493\Debug\speedPin_PM.o .\CortexM0\ARM_GCC_493\Debug\PWM_venstre.o .\CortexM0\ARM_GCC_493\Debug\PWM_venstre_PM.o .\CortexM0\ARM_GCC_493\Debug\PWM_left.o .\CortexM0\ARM_GCC_493\Debug\PWM_left_PM.o .\CortexM0\ARM_GCC_493\Debug\ADC_IRQ.o .\CortexM0\ARM_GCC_493\Debug\ADC_intClock.o .\CortexM0\ARM_GCC_493\Debug\Echo.o .\CortexM0\ARM_GCC_493\Debug\Echo_PM.o .\CortexM0\ARM_GCC_493\Debug\Trig.o .\CortexM0\ARM_GCC_493\Debug\Trig_PM.o .\CortexM0\ARM_GCC_493\Debug\LED.o .\CortexM0\ARM_GCC_493\Debug\LED_PM.o .\CortexM0\ARM_GCC_493\Debug\Timer.o .\CortexM0\ARM_GCC_493\Debug\Timer_PM.o .\CortexM0\ARM_GCC_493\Debug\Clock.o .\CortexM0\ARM_GCC_493\Debug\ISR.o .\CortexM0\ARM_GCC_493\Debug\UART_print.o .\CortexM0\ARM_GCC_493\Debug\UART_print_SPI_UART.o .\CortexM0\ARM_GCC_493\Debug\UART_print_SPI_UART_INT.o .\CortexM0\ARM_GCC_493\Debug\UART_print_PM.o .\CortexM0\ARM_GCC_493\Debug\UART_print_UART.o .\CortexM0\ARM_GCC_493\Debug\UART_print_BOOT.o .\CortexM0\ARM_GCC_493\Debug\UART_print_UART_BOOT.o .\CortexM0\ARM_GCC_493\Debug\UART_print_SCBCLK.o .\CortexM0\ARM_GCC_493\Debug\UART_print_tx.o .\CortexM0\ARM_GCC_493\Debug\UART_print_tx_PM.o .\CortexM0\ARM_GCC_493\Debug\UART_print_rx.o .\CortexM0\ARM_GCC_493\Debug\UART_print_rx_PM.o .\CortexM0\ARM_GCC_493\Debug\I2C_1.o .\CortexM0\ARM_GCC_493\Debug\I2C_1_I2C_INT.o .\CortexM0\ARM_GCC_493\Debug\I2C_1_I2C.o .\CortexM0\ARM_GCC_493\Debug\I2C_1_I2C_BOOT.o .\CortexM0\ARM_GCC_493\Debug\I2C_1_I2C_SLAVE.o .\CortexM0\ARM_GCC_493\Debug\I2C_1_PM.o .\CortexM0\ARM_GCC_493\Debug\I2C_1_BOOT.o .\CortexM0\ARM_GCC_493\Debug\I2C_1_SCBCLK.o .\CortexM0\ARM_GCC_493\Debug\I2C_1_sda.o .\CortexM0\ARM_GCC_493\Debug\I2C_1_sda_PM.o .\CortexM0\ARM_GCC_493\Debug\I2C_1_scl.o .\CortexM0\ARM_GCC_493\Debug\I2C_1_scl_PM.o .\CortexM0\ARM_GCC_493\Debug\I2C_1_SCB_IRQ.o
arm-none-eabi-ar.exe: creating .\CortexM0\ARM_GCC_493\Debug\Design01.a
arm-none-eabi-gcc.exe -Wl,--start-group -o .\CortexM0\ARM_GCC_493\Debug\Design01.elf .\CortexM0\ARM_GCC_493\Debug\main.o .\CortexM0\ARM_GCC_493\Debug\regulering.o .\CortexM0\ARM_GCC_493\Debug\distance.o .\CortexM0\ARM_GCC_493\Debug\I2Cslave.o .\CortexM0\ARM_GCC_493\Debug\test.o .\CortexM0\ARM_GCC_493\Debug\cymetadata.o .\CortexM0\ARM_GCC_493\Debug\Cm0Start.o .\CortexM0\ARM_GCC_493\Debug\Design01.a "C:\Program Files (x86)\Cypress\PSoC Creator\3.3\PSoC Creator\psoc\content\cycomponentlibrary\CyComponentLibrary.cylib\CortexM0\ARM_GCC_493\Debug\CyComponentLibrary.a" -mcpu=cortex-m0 -mthumb -g -ffunction-sections -Og -ffat-lto-objects -L Generated_Source\PSoC4 -Wl,-Map,.\CortexM0\ARM_GCC_493\Debug/Design01.map -T Generated_Source\PSoC4\cm0gcc.ld -specs=nano.specs -Wl,--gc-sections -Wl,--end-group
cyelftool.exe -C "C:\Users\PernilleLouise\Documents\Elektro\4. semester\E4PRJ\Projekt\Workspace01\Design01.cydsn\CortexM0\ARM_GCC_493\Debug\Design01.elf" --flash_row_size 128 --flash_size 32768
cyelftool.exe -S "C:\Users\PernilleLouise\Documents\Elektro\4. semester\E4PRJ\Projekt\Workspace01\Design01.cydsn\CortexM0\ARM_GCC_493\Debug\Design01.elf"
Flash used: 14208 of 32768 bytes (43,4 %).
SRAM used: 1924 of 4096 bytes (47,0 %). Stack: 1024 bytes. Heap: 128 bytes.
--------------- Rebuild Succeeded: 12/10/2016 16:02:16 ---------------
